
*** Running vivado
    with args -log MyDesign_wrapper.vdi -applog -m64 -product Vivado -messageDb vivado.pb -mode batch -source MyDesign_wrapper.tcl -notrace


****** Vivado v2018.3 (64-bit)
  **** SW Build 2405991 on Thu Dec  6 23:36:41 MST 2018
  **** IP Build 2404404 on Fri Dec  7 01:43:56 MST 2018
    ** Copyright 1986-2018 Xilinx, Inc. All Rights Reserved.

source MyDesign_wrapper.tcl -notrace
INFO: [IP_Flow 19-234] Refreshing IP repositories
INFO: [IP_Flow 19-1704] No user IP repositories specified
INFO: [IP_Flow 19-2313] Loaded Vivado IP repository '/tools/Xilinx/Vivado/2018.3/data/ip'.
add_files: Time (s): cpu = 00:01:06 ; elapsed = 00:00:41 . Memory (MB): peak = 1477.750 ; gain = 136.066 ; free physical = 1670 ; free virtual = 13566
Command: link_design -top MyDesign_wrapper -part xc7z020clg400-1
Design is defaulting to srcset: sources_1
Design is defaulting to constrset: constrs_1
INFO: [Project 1-454] Reading design checkpoint '/home/runge/Subjects/Embedded/Journal1_sources/Journal1_take2/Journal1_take2.srcs/sources_1/bd/MyDesign/ip/MyDesign_bundle_splitter_dec_0_0/MyDesign_bundle_splitter_dec_0_0.dcp' for cell 'MyDesign_i/bundle_splitter_dec_0'
INFO: [Project 1-454] Reading design checkpoint '/home/runge/Subjects/Embedded/Journal1_sources/Journal1_take2/Journal1_take2.srcs/sources_1/bd/MyDesign/ip/MyDesign_bundle_splitter_mux_0_0/MyDesign_bundle_splitter_mux_0_0.dcp' for cell 'MyDesign_i/bundle_splitter_mux_0'
INFO: [Project 1-454] Reading design checkpoint '/home/runge/Subjects/Embedded/Journal1_sources/Journal1_take2/Journal1_take2.srcs/sources_1/bd/MyDesign/ip/MyDesign_clock_scaler1_0_0/MyDesign_clock_scaler1_0_0.dcp' for cell 'MyDesign_i/clock_scaler1_0'
INFO: [Project 1-454] Reading design checkpoint '/home/runge/Subjects/Embedded/Journal1_sources/Journal1_take2/Journal1_take2.srcs/sources_1/bd/MyDesign/ip/MyDesign_counter_4bits_0_0/MyDesign_counter_4bits_0_0.dcp' for cell 'MyDesign_i/counter_4bits_0'
INFO: [Project 1-454] Reading design checkpoint '/home/runge/Subjects/Embedded/Journal1_sources/Journal1_take2/Journal1_take2.srcs/sources_1/bd/MyDesign/ip/MyDesign_decoder_2x4_0_0/MyDesign_decoder_2x4_0_0.dcp' for cell 'MyDesign_i/decoder_2x4_0'
INFO: [Project 1-454] Reading design checkpoint '/home/runge/Subjects/Embedded/Journal1_sources/Journal1_take2/Journal1_take2.srcs/sources_1/bd/MyDesign/ip/MyDesign_display_0_0/MyDesign_display_0_0.dcp' for cell 'MyDesign_i/display_0'
INFO: [Project 1-454] Reading design checkpoint '/home/runge/Subjects/Embedded/Journal1_sources/Journal1_take2/Journal1_take2.srcs/sources_1/bd/MyDesign/ip/MyDesign_inverter_0_0/MyDesign_inverter_0_0.dcp' for cell 'MyDesign_i/inverter_0'
INFO: [Project 1-454] Reading design checkpoint '/home/runge/Subjects/Embedded/Journal1_sources/Journal1_take2/Journal1_take2.srcs/sources_1/bd/MyDesign/ip/MyDesign_latch_0_0/MyDesign_latch_0_0.dcp' for cell 'MyDesign_i/latch_0'
INFO: [Project 1-454] Reading design checkpoint '/home/runge/Subjects/Embedded/Journal1_sources/Journal1_take2/Journal1_take2.srcs/sources_1/bd/MyDesign/ip/MyDesign_lookUp_table_0_0/MyDesign_lookUp_table_0_0.dcp' for cell 'MyDesign_i/lookUp_table_0'
INFO: [Project 1-454] Reading design checkpoint '/home/runge/Subjects/Embedded/Journal1_sources/Journal1_take2/Journal1_take2.srcs/sources_1/bd/MyDesign/ip/MyDesign_multiplexer_4x1_0_0/MyDesign_multiplexer_4x1_0_0.dcp' for cell 'MyDesign_i/multiplexer_4x1_0'
INFO: [Netlist 29-17] Analyzing 5 Unisim elements for replacement
INFO: [Netlist 29-28] Unisim Transformation completed in 0 CPU seconds
INFO: [Project 1-479] Netlist was created with Vivado 2018.3
INFO: [Device 21-403] Loading part xc7z020clg400-1
INFO: [Project 1-570] Preparing netlist for logic optimization
Parsing XDC File [/home/runge/Subjects/Embedded/Journal1_sources/Journal1_take2/Journal1_take2.srcs/constrs_2/new/constraint.xdc]
Finished Parsing XDC File [/home/runge/Subjects/Embedded/Journal1_sources/Journal1_take2/Journal1_take2.srcs/constrs_2/new/constraint.xdc]
INFO: [Opt 31-138] Pushed 0 inverter(s) to 0 load pin(s).
Netlist sorting complete. Time (s): cpu = 00:00:00 ; elapsed = 00:00:00 . Memory (MB): peak = 1567.652 ; gain = 0.000 ; free physical = 1386 ; free virtual = 13281
INFO: [Project 1-111] Unisim Transformation Summary:
No Unisim elements were transformed.

20 Infos, 0 Warnings, 0 Critical Warnings and 0 Errors encountered.
link_design completed successfully
link_design: Time (s): cpu = 00:00:05 ; elapsed = 00:00:06 . Memory (MB): peak = 1567.652 ; gain = 89.902 ; free physical = 1386 ; free virtual = 13281
Command: opt_design
Attempting to get a license for feature 'Implementation' and/or device 'xc7z020'
INFO: [Common 17-349] Got license for feature 'Implementation' and/or device 'xc7z020'
Running DRC as a precondition to command opt_design

Starting DRC Task
INFO: [DRC 23-27] Running DRC with 4 threads
INFO: [Project 1-461] DRC finished with 0 Errors
INFO: [Project 1-462] Please refer to the DRC report (report_drc) for more information.

Time (s): cpu = 00:00:02 ; elapsed = 00:00:01 . Memory (MB): peak = 1611.664 ; gain = 44.012 ; free physical = 1379 ; free virtual = 13275

Starting Cache Timing Information Task
INFO: [Timing 38-35] Done setting XDC timing constraints.
Ending Cache Timing Information Task | Checksum: 1c90c1f30

Time (s): cpu = 00:00:08 ; elapsed = 00:00:09 . Memory (MB): peak = 2061.227 ; gain = 449.562 ; free physical = 1001 ; free virtual = 12896

Starting Logic Optimization Task

Phase 1 Retarget
INFO: [Opt 31-138] Pushed 0 inverter(s) to 0 load pin(s).
INFO: [Opt 31-49] Retargeted 0 cell(s).
Phase 1 Retarget | Checksum: 1c90c1f30

Time (s): cpu = 00:00:00.02 ; elapsed = 00:00:00.02 . Memory (MB): peak = 2138.227 ; gain = 0.000 ; free physical = 931 ; free virtual = 12826
INFO: [Opt 31-389] Phase Retarget created 0 cells and removed 0 cells

Phase 2 Constant propagation
INFO: [Opt 31-138] Pushed 0 inverter(s) to 0 load pin(s).
Phase 2 Constant propagation | Checksum: 1c90c1f30

Time (s): cpu = 00:00:00.02 ; elapsed = 00:00:00.02 . Memory (MB): peak = 2138.227 ; gain = 0.000 ; free physical = 931 ; free virtual = 12826
INFO: [Opt 31-389] Phase Constant propagation created 0 cells and removed 0 cells

Phase 3 Sweep
Phase 3 Sweep | Checksum: 195ed18c2

Time (s): cpu = 00:00:00.02 ; elapsed = 00:00:00.02 . Memory (MB): peak = 2138.227 ; gain = 0.000 ; free physical = 931 ; free virtual = 12826
INFO: [Opt 31-389] Phase Sweep created 0 cells and removed 0 cells

Phase 4 BUFG optimization
Phase 4 BUFG optimization | Checksum: 195ed18c2

Time (s): cpu = 00:00:00.02 ; elapsed = 00:00:00.03 . Memory (MB): peak = 2138.227 ; gain = 0.000 ; free physical = 931 ; free virtual = 12826
INFO: [Opt 31-662] Phase BUFG optimization created 0 cells of which 0 are BUFGs and removed 0 cells.

Phase 5 Shift Register Optimization
Phase 5 Shift Register Optimization | Checksum: 114a8e87e

Time (s): cpu = 00:00:00.06 ; elapsed = 00:00:00.06 . Memory (MB): peak = 2138.227 ; gain = 0.000 ; free physical = 931 ; free virtual = 12826
INFO: [Opt 31-389] Phase Shift Register Optimization created 0 cells and removed 0 cells

Phase 6 Post Processing Netlist
Phase 6 Post Processing Netlist | Checksum: 114a8e87e

Time (s): cpu = 00:00:00.06 ; elapsed = 00:00:00.06 . Memory (MB): peak = 2138.227 ; gain = 0.000 ; free physical = 931 ; free virtual = 12826
INFO: [Opt 31-389] Phase Post Processing Netlist created 0 cells and removed 0 cells
Opt_design Change Summary
=========================


-------------------------------------------------------------------------------------------------------------------------
|  Phase                        |  #Cells created  |  #Cells Removed  |  #Constrained objects preventing optimizations  |
-------------------------------------------------------------------------------------------------------------------------
|  Retarget                     |               0  |               0  |                                              0  |
|  Constant propagation         |               0  |               0  |                                              0  |
|  Sweep                        |               0  |               0  |                                              0  |
|  BUFG optimization            |               0  |               0  |                                              0  |
|  Shift Register Optimization  |               0  |               0  |                                              0  |
|  Post Processing Netlist      |               0  |               0  |                                              0  |
-------------------------------------------------------------------------------------------------------------------------



Starting Connectivity Check Task

Time (s): cpu = 00:00:00 ; elapsed = 00:00:00 . Memory (MB): peak = 2138.227 ; gain = 0.000 ; free physical = 931 ; free virtual = 12826
Ending Logic Optimization Task | Checksum: 114a8e87e

Time (s): cpu = 00:00:00.06 ; elapsed = 00:00:00.06 . Memory (MB): peak = 2138.227 ; gain = 0.000 ; free physical = 931 ; free virtual = 12826

Starting Power Optimization Task
INFO: [Pwropt 34-132] Skipping clock gating for clocks with a period < 2.00 ns.
Ending Power Optimization Task | Checksum: 114a8e87e

Time (s): cpu = 00:00:00.02 ; elapsed = 00:00:00.02 . Memory (MB): peak = 2138.227 ; gain = 0.000 ; free physical = 931 ; free virtual = 12826

Starting Final Cleanup Task
Ending Final Cleanup Task | Checksum: 114a8e87e

Time (s): cpu = 00:00:00 ; elapsed = 00:00:00 . Memory (MB): peak = 2138.227 ; gain = 0.000 ; free physical = 931 ; free virtual = 12826

Starting Netlist Obfuscation Task
Netlist sorting complete. Time (s): cpu = 00:00:00 ; elapsed = 00:00:00 . Memory (MB): peak = 2138.227 ; gain = 0.000 ; free physical = 931 ; free virtual = 12826
Ending Netlist Obfuscation Task | Checksum: 114a8e87e

Time (s): cpu = 00:00:00 ; elapsed = 00:00:00 . Memory (MB): peak = 2138.227 ; gain = 0.000 ; free physical = 931 ; free virtual = 12826
INFO: [Common 17-83] Releasing license: Implementation
36 Infos, 0 Warnings, 0 Critical Warnings and 0 Errors encountered.
opt_design completed successfully
opt_design: Time (s): cpu = 00:00:11 ; elapsed = 00:00:11 . Memory (MB): peak = 2138.227 ; gain = 570.574 ; free physical = 931 ; free virtual = 12826
Netlist sorting complete. Time (s): cpu = 00:00:00 ; elapsed = 00:00:00 . Memory (MB): peak = 2138.227 ; gain = 0.000 ; free physical = 931 ; free virtual = 12826
INFO: [Timing 38-480] Writing timing data to binary archive.
Writing placer database...
Writing XDEF routing.
Writing XDEF routing logical nets.
Writing XDEF routing special nets.
Write XDEF Complete: Time (s): cpu = 00:00:00.06 ; elapsed = 00:00:00.02 . Memory (MB): peak = 2170.242 ; gain = 0.000 ; free physical = 929 ; free virtual = 12825
Netlist sorting complete. Time (s): cpu = 00:00:00 ; elapsed = 00:00:00 . Memory (MB): peak = 2170.242 ; gain = 0.000 ; free physical = 928 ; free virtual = 12825
INFO: [Common 17-1381] The checkpoint '/home/runge/Subjects/Embedded/Journal1_sources/Journal1_take2/Journal1_take2.runs/impl_1/MyDesign_wrapper_opt.dcp' has been generated.
INFO: [runtcl-4] Executing : report_drc -file MyDesign_wrapper_drc_opted.rpt -pb MyDesign_wrapper_drc_opted.pb -rpx MyDesign_wrapper_drc_opted.rpx
Command: report_drc -file MyDesign_wrapper_drc_opted.rpt -pb MyDesign_wrapper_drc_opted.pb -rpx MyDesign_wrapper_drc_opted.rpx
INFO: [IP_Flow 19-1839] IP Catalog is up to date.
INFO: [DRC 23-27] Running DRC with 4 threads
INFO: [Coretcl 2-168] The results of DRC are in file /home/runge/Subjects/Embedded/Journal1_sources/Journal1_take2/Journal1_take2.runs/impl_1/MyDesign_wrapper_drc_opted.rpt.
report_drc completed successfully
Command: place_design
Attempting to get a license for feature 'Implementation' and/or device 'xc7z020'
INFO: [Common 17-349] Got license for feature 'Implementation' and/or device 'xc7z020'
INFO: [DRC 23-27] Running DRC with 4 threads
INFO: [Vivado_Tcl 4-198] DRC finished with 0 Errors
INFO: [Vivado_Tcl 4-199] Please refer to the DRC report (report_drc) for more information.
Running DRC as a precondition to command place_design
INFO: [DRC 23-27] Running DRC with 4 threads
INFO: [Vivado_Tcl 4-198] DRC finished with 0 Errors
INFO: [Vivado_Tcl 4-199] Please refer to the DRC report (report_drc) for more information.

Starting Placer Task
INFO: [Place 30-611] Multithreading enabled for place_design using a maximum of 4 CPUs

Phase 1 Placer Initialization

Phase 1.1 Placer Initialization Netlist Sorting
Netlist sorting complete. Time (s): cpu = 00:00:00 ; elapsed = 00:00:00 . Memory (MB): peak = 2218.266 ; gain = 0.000 ; free physical = 921 ; free virtual = 12816
Phase 1.1 Placer Initialization Netlist Sorting | Checksum: 10b933cd6

Time (s): cpu = 00:00:00 ; elapsed = 00:00:00.03 . Memory (MB): peak = 2218.266 ; gain = 0.000 ; free physical = 921 ; free virtual = 12816
Netlist sorting complete. Time (s): cpu = 00:00:00 ; elapsed = 00:00:00 . Memory (MB): peak = 2218.266 ; gain = 0.000 ; free physical = 921 ; free virtual = 12816

Phase 1.2 IO Placement/ Clock Placement/ Build Placer Device
INFO: [Timing 38-35] Done setting XDC timing constraints.
Phase 1.2 IO Placement/ Clock Placement/ Build Placer Device | Checksum: 17f6e5b6a

Time (s): cpu = 00:00:00.43 ; elapsed = 00:00:00.38 . Memory (MB): peak = 2218.266 ; gain = 0.000 ; free physical = 904 ; free virtual = 12799

Phase 1.3 Build Placer Netlist Model
Phase 1.3 Build Placer Netlist Model | Checksum: 23de6e5b1

Time (s): cpu = 00:00:00.46 ; elapsed = 00:00:00.41 . Memory (MB): peak = 2218.266 ; gain = 0.000 ; free physical = 904 ; free virtual = 12799

Phase 1.4 Constrain Clocks/Macros
Phase 1.4 Constrain Clocks/Macros | Checksum: 23de6e5b1

Time (s): cpu = 00:00:00.46 ; elapsed = 00:00:00.41 . Memory (MB): peak = 2218.266 ; gain = 0.000 ; free physical = 904 ; free virtual = 12799
Phase 1 Placer Initialization | Checksum: 23de6e5b1

Time (s): cpu = 00:00:00.46 ; elapsed = 00:00:00.41 . Memory (MB): peak = 2218.266 ; gain = 0.000 ; free physical = 904 ; free virtual = 12799

Phase 2 Global Placement

Phase 2.1 Floorplanning
Phase 2.1 Floorplanning | Checksum: 23de6e5b1

Time (s): cpu = 00:00:00.47 ; elapsed = 00:00:00.42 . Memory (MB): peak = 2218.266 ; gain = 0.000 ; free physical = 903 ; free virtual = 12798
WARNING: [Place 46-29] place_design is not in timing mode. Skip physical synthesis in placer
Phase 2 Global Placement | Checksum: 214228b36

Time (s): cpu = 00:00:02 ; elapsed = 00:00:01 . Memory (MB): peak = 2218.266 ; gain = 0.000 ; free physical = 882 ; free virtual = 12777

Phase 3 Detail Placement

Phase 3.1 Commit Multi Column Macros
Phase 3.1 Commit Multi Column Macros | Checksum: 214228b36

Time (s): cpu = 00:00:02 ; elapsed = 00:00:01 . Memory (MB): peak = 2218.266 ; gain = 0.000 ; free physical = 882 ; free virtual = 12777

Phase 3.2 Commit Most Macros & LUTRAMs
Phase 3.2 Commit Most Macros & LUTRAMs | Checksum: 1a070b3a2

Time (s): cpu = 00:00:02 ; elapsed = 00:00:01 . Memory (MB): peak = 2218.266 ; gain = 0.000 ; free physical = 882 ; free virtual = 12777

Phase 3.3 Area Swap Optimization
Phase 3.3 Area Swap Optimization | Checksum: 18dfdfdb8

Time (s): cpu = 00:00:02 ; elapsed = 00:00:01 . Memory (MB): peak = 2218.266 ; gain = 0.000 ; free physical = 884 ; free virtual = 12779

Phase 3.4 Pipeline Register Optimization
Phase 3.4 Pipeline Register Optimization | Checksum: 18dfdfdb8

Time (s): cpu = 00:00:02 ; elapsed = 00:00:01 . Memory (MB): peak = 2218.266 ; gain = 0.000 ; free physical = 884 ; free virtual = 12779

Phase 3.5 Small Shape Detail Placement
Phase 3.5 Small Shape Detail Placement | Checksum: 1fec414b3

Time (s): cpu = 00:00:02 ; elapsed = 00:00:01 . Memory (MB): peak = 2218.266 ; gain = 0.000 ; free physical = 872 ; free virtual = 12767

Phase 3.6 Re-assign LUT pins
Phase 3.6 Re-assign LUT pins | Checksum: 1fec414b3

Time (s): cpu = 00:00:02 ; elapsed = 00:00:01 . Memory (MB): peak = 2218.266 ; gain = 0.000 ; free physical = 872 ; free virtual = 12767

Phase 3.7 Pipeline Register Optimization
Phase 3.7 Pipeline Register Optimization | Checksum: 1fec414b3

Time (s): cpu = 00:00:02 ; elapsed = 00:00:01 . Memory (MB): peak = 2218.266 ; gain = 0.000 ; free physical = 872 ; free virtual = 12767
Phase 3 Detail Placement | Checksum: 1fec414b3

Time (s): cpu = 00:00:02 ; elapsed = 00:00:01 . Memory (MB): peak = 2218.266 ; gain = 0.000 ; free physical = 872 ; free virtual = 12767

Phase 4 Post Placement Optimization and Clean-Up

Phase 4.1 Post Commit Optimization
Phase 4.1 Post Commit Optimization | Checksum: 1fec414b3

Time (s): cpu = 00:00:02 ; elapsed = 00:00:01 . Memory (MB): peak = 2218.266 ; gain = 0.000 ; free physical = 873 ; free virtual = 12769

Phase 4.2 Post Placement Cleanup
Phase 4.2 Post Placement Cleanup | Checksum: 1fec414b3

Time (s): cpu = 00:00:02 ; elapsed = 00:00:01 . Memory (MB): peak = 2218.266 ; gain = 0.000 ; free physical = 875 ; free virtual = 12771

Phase 4.3 Placer Reporting
Phase 4.3 Placer Reporting | Checksum: 1fec414b3

Time (s): cpu = 00:00:02 ; elapsed = 00:00:01 . Memory (MB): peak = 2218.266 ; gain = 0.000 ; free physical = 875 ; free virtual = 12771

Phase 4.4 Final Placement Cleanup
Netlist sorting complete. Time (s): cpu = 00:00:00 ; elapsed = 00:00:00 . Memory (MB): peak = 2218.266 ; gain = 0.000 ; free physical = 875 ; free virtual = 12771
Phase 4.4 Final Placement Cleanup | Checksum: 19636d559

Time (s): cpu = 00:00:02 ; elapsed = 00:00:01 . Memory (MB): peak = 2218.266 ; gain = 0.000 ; free physical = 875 ; free virtual = 12771
Phase 4 Post Placement Optimization and Clean-Up | Checksum: 19636d559

Time (s): cpu = 00:00:02 ; elapsed = 00:00:01 . Memory (MB): peak = 2218.266 ; gain = 0.000 ; free physical = 875 ; free virtual = 12771
Ending Placer Task | Checksum: c3f9b08b

Time (s): cpu = 00:00:02 ; elapsed = 00:00:01 . Memory (MB): peak = 2218.266 ; gain = 0.000 ; free physical = 885 ; free virtual = 12780
INFO: [Common 17-83] Releasing license: Implementation
52 Infos, 1 Warnings, 0 Critical Warnings and 0 Errors encountered.
place_design completed successfully
Netlist sorting complete. Time (s): cpu = 00:00:00 ; elapsed = 00:00:00 . Memory (MB): peak = 2218.266 ; gain = 0.000 ; free physical = 885 ; free virtual = 12780
INFO: [Timing 38-480] Writing timing data to binary archive.
Writing placer database...
Writing XDEF routing.
Writing XDEF routing logical nets.
Writing XDEF routing special nets.
Write XDEF Complete: Time (s): cpu = 00:00:00.08 ; elapsed = 00:00:00.03 . Memory (MB): peak = 2218.266 ; gain = 0.000 ; free physical = 885 ; free virtual = 12781
Netlist sorting complete. Time (s): cpu = 00:00:00 ; elapsed = 00:00:00 . Memory (MB): peak = 2218.266 ; gain = 0.000 ; free physical = 885 ; free virtual = 12782
INFO: [Common 17-1381] The checkpoint '/home/runge/Subjects/Embedded/Journal1_sources/Journal1_take2/Journal1_take2.runs/impl_1/MyDesign_wrapper_placed.dcp' has been generated.
INFO: [runtcl-4] Executing : report_io -file MyDesign_wrapper_io_placed.rpt
report_io: Time (s): cpu = 00:00:00.08 ; elapsed = 00:00:00.08 . Memory (MB): peak = 2218.266 ; gain = 0.000 ; free physical = 876 ; free virtual = 12771
INFO: [runtcl-4] Executing : report_utilization -file MyDesign_wrapper_utilization_placed.rpt -pb MyDesign_wrapper_utilization_placed.pb
INFO: [runtcl-4] Executing : report_control_sets -verbose -file MyDesign_wrapper_control_sets_placed.rpt
report_control_sets: Time (s): cpu = 00:00:00 ; elapsed = 00:00:00 . Memory (MB): peak = 2218.266 ; gain = 0.000 ; free physical = 884 ; free virtual = 12780
Command: route_design
Attempting to get a license for feature 'Implementation' and/or device 'xc7z020'
INFO: [Common 17-349] Got license for feature 'Implementation' and/or device 'xc7z020'
Running DRC as a precondition to command route_design
INFO: [DRC 23-27] Running DRC with 4 threads
INFO: [Vivado_Tcl 4-198] DRC finished with 0 Errors
INFO: [Vivado_Tcl 4-199] Please refer to the DRC report (report_drc) for more information.


Starting Routing Task
INFO: [Route 35-254] Multithreading enabled for route_design using a maximum of 4 CPUs
Checksum: PlaceDB: 966828f9 ConstDB: 0 ShapeSum: 2d918792 RouteDB: 0

Phase 1 Build RT Design
Phase 1 Build RT Design | Checksum: d61cb19b

Time (s): cpu = 00:00:32 ; elapsed = 00:00:28 . Memory (MB): peak = 2293.922 ; gain = 75.656 ; free physical = 574 ; free virtual = 12478
Post Restoration Checksum: NetGraph: 126084be NumContArr: c3bc2cdd Constraints: 0 Timing: 0

Phase 2 Router Initialization
INFO: [Route 35-64] No timing constraints were detected. The router will operate in resource-optimization mode.

Phase 2.1 Fix Topology Constraints
Phase 2.1 Fix Topology Constraints | Checksum: d61cb19b

Time (s): cpu = 00:00:32 ; elapsed = 00:00:28 . Memory (MB): peak = 2300.918 ; gain = 82.652 ; free physical = 559 ; free virtual = 12464

Phase 2.2 Pre Route Cleanup
Phase 2.2 Pre Route Cleanup | Checksum: d61cb19b

Time (s): cpu = 00:00:32 ; elapsed = 00:00:28 . Memory (MB): peak = 2300.918 ; gain = 82.652 ; free physical = 559 ; free virtual = 12464
 Number of Nodes with overlaps = 0
Phase 2 Router Initialization | Checksum: 142f49460

Time (s): cpu = 00:00:33 ; elapsed = 00:00:29 . Memory (MB): peak = 2306.973 ; gain = 88.707 ; free physical = 557 ; free virtual = 12461

Phase 3 Initial Routing
Phase 3 Initial Routing | Checksum: 1b3181fa9

Time (s): cpu = 00:00:33 ; elapsed = 00:00:29 . Memory (MB): peak = 2311.336 ; gain = 93.070 ; free physical = 556 ; free virtual = 12460

Phase 4 Rip-up And Reroute

Phase 4.1 Global Iteration 0
 Number of Nodes with overlaps = 0
Phase 4.1 Global Iteration 0 | Checksum: 12daccdaa

Time (s): cpu = 00:00:33 ; elapsed = 00:00:29 . Memory (MB): peak = 2311.336 ; gain = 93.070 ; free physical = 556 ; free virtual = 12460
Phase 4 Rip-up And Reroute | Checksum: 12daccdaa

Time (s): cpu = 00:00:33 ; elapsed = 00:00:29 . Memory (MB): peak = 2311.336 ; gain = 93.070 ; free physical = 556 ; free virtual = 12460

Phase 5 Delay and Skew Optimization
Phase 5 Delay and Skew Optimization | Checksum: 12daccdaa

Time (s): cpu = 00:00:33 ; elapsed = 00:00:29 . Memory (MB): peak = 2311.336 ; gain = 93.070 ; free physical = 556 ; free virtual = 12460

Phase 6 Post Hold Fix

Phase 6.1 Hold Fix Iter
Phase 6.1 Hold Fix Iter | Checksum: 12daccdaa

Time (s): cpu = 00:00:33 ; elapsed = 00:00:29 . Memory (MB): peak = 2311.336 ; gain = 93.070 ; free physical = 556 ; free virtual = 12460
Phase 6 Post Hold Fix | Checksum: 12daccdaa

Time (s): cpu = 00:00:33 ; elapsed = 00:00:29 . Memory (MB): peak = 2311.336 ; gain = 93.070 ; free physical = 556 ; free virtual = 12460

Phase 7 Route finalize

Router Utilization Summary
  Global Vertical Routing Utilization    = 0.0186393 %
  Global Horizontal Routing Utilization  = 0.00709939 %
  Routable Net Status*
  *Does not include unroutable nets such as driverless and loadless.
  Run report_route_status for detailed report.
  Number of Failed Nets               = 0
  Number of Unrouted Nets             = 0
  Number of Partially Routed Nets     = 0
  Number of Node Overlaps             = 0

Congestion Report
North Dir 1x1 Area, Max Cong = 19.8198%, No Congested Regions.
South Dir 1x1 Area, Max Cong = 9.90991%, No Congested Regions.
East Dir 1x1 Area, Max Cong = 8.82353%, No Congested Regions.
West Dir 1x1 Area, Max Cong = 8.82353%, No Congested Regions.

------------------------------
Reporting congestion hotspots
------------------------------
Direction: North
----------------
Congested clusters found at Level 0
Effective congestion level: 0 Aspect Ratio: 1 Sparse Ratio: 0
Direction: South
----------------
Congested clusters found at Level 0
Effective congestion level: 0 Aspect Ratio: 1 Sparse Ratio: 0
Direction: East
----------------
Congested clusters found at Level 0
Effective congestion level: 0 Aspect Ratio: 1 Sparse Ratio: 0
Direction: West
----------------
Congested clusters found at Level 0
Effective congestion level: 0 Aspect Ratio: 1 Sparse Ratio: 0

Phase 7 Route finalize | Checksum: 12daccdaa

Time (s): cpu = 00:00:33 ; elapsed = 00:00:29 . Memory (MB): peak = 2311.336 ; gain = 93.070 ; free physical = 556 ; free virtual = 12460

Phase 8 Verifying routed nets

 Verification completed successfully
Phase 8 Verifying routed nets | Checksum: 12daccdaa

Time (s): cpu = 00:00:33 ; elapsed = 00:00:29 . Memory (MB): peak = 2313.336 ; gain = 95.070 ; free physical = 554 ; free virtual = 12458

Phase 9 Depositing Routes
Phase 9 Depositing Routes | Checksum: d16b9ff0

Time (s): cpu = 00:00:33 ; elapsed = 00:00:29 . Memory (MB): peak = 2313.336 ; gain = 95.070 ; free physical = 553 ; free virtual = 12458
INFO: [Route 35-16] Router Completed Successfully

Time (s): cpu = 00:00:33 ; elapsed = 00:00:29 . Memory (MB): peak = 2313.336 ; gain = 95.070 ; free physical = 570 ; free virtual = 12474

Routing Is Done.
INFO: [Common 17-83] Releasing license: Implementation
65 Infos, 1 Warnings, 0 Critical Warnings and 0 Errors encountered.
route_design completed successfully
route_design: Time (s): cpu = 00:00:36 ; elapsed = 00:00:31 . Memory (MB): peak = 2313.336 ; gain = 95.070 ; free physical = 570 ; free virtual = 12474
Netlist sorting complete. Time (s): cpu = 00:00:00 ; elapsed = 00:00:00 . Memory (MB): peak = 2313.336 ; gain = 0.000 ; free physical = 571 ; free virtual = 12475
INFO: [Timing 38-480] Writing timing data to binary archive.
Writing placer database...
Writing XDEF routing.
Writing XDEF routing logical nets.
Writing XDEF routing special nets.
Write XDEF Complete: Time (s): cpu = 00:00:00.06 ; elapsed = 00:00:00.02 . Memory (MB): peak = 2313.336 ; gain = 0.000 ; free physical = 571 ; free virtual = 12476
Netlist sorting complete. Time (s): cpu = 00:00:00 ; elapsed = 00:00:00 . Memory (MB): peak = 2313.336 ; gain = 0.000 ; free physical = 569 ; free virtual = 12475
INFO: [Common 17-1381] The checkpoint '/home/runge/Subjects/Embedded/Journal1_sources/Journal1_take2/Journal1_take2.runs/impl_1/MyDesign_wrapper_routed.dcp' has been generated.
INFO: [runtcl-4] Executing : report_drc -file MyDesign_wrapper_drc_routed.rpt -pb MyDesign_wrapper_drc_routed.pb -rpx MyDesign_wrapper_drc_routed.rpx
Command: report_drc -file MyDesign_wrapper_drc_routed.rpt -pb MyDesign_wrapper_drc_routed.pb -rpx MyDesign_wrapper_drc_routed.rpx
INFO: [IP_Flow 19-1839] IP Catalog is up to date.
INFO: [DRC 23-27] Running DRC with 4 threads
INFO: [Coretcl 2-168] The results of DRC are in file /home/runge/Subjects/Embedded/Journal1_sources/Journal1_take2/Journal1_take2.runs/impl_1/MyDesign_wrapper_drc_routed.rpt.
report_drc completed successfully
INFO: [runtcl-4] Executing : report_methodology -file MyDesign_wrapper_methodology_drc_routed.rpt -pb MyDesign_wrapper_methodology_drc_routed.pb -rpx MyDesign_wrapper_methodology_drc_routed.rpx
Command: report_methodology -file MyDesign_wrapper_methodology_drc_routed.rpt -pb MyDesign_wrapper_methodology_drc_routed.pb -rpx MyDesign_wrapper_methodology_drc_routed.rpx
INFO: [Timing 38-35] Done setting XDC timing constraints.
INFO: [DRC 23-133] Running Methodology with 4 threads
INFO: [Coretcl 2-1520] The results of Report Methodology are in file /home/runge/Subjects/Embedded/Journal1_sources/Journal1_take2/Journal1_take2.runs/impl_1/MyDesign_wrapper_methodology_drc_routed.rpt.
report_methodology completed successfully
INFO: [runtcl-4] Executing : report_power -file MyDesign_wrapper_power_routed.rpt -pb MyDesign_wrapper_power_summary_routed.pb -rpx MyDesign_wrapper_power_routed.rpx
Command: report_power -file MyDesign_wrapper_power_routed.rpt -pb MyDesign_wrapper_power_summary_routed.pb -rpx MyDesign_wrapper_power_routed.rpx
WARNING: [Power 33-232] No user defined clocks were found in the design!
Resolution: Please specify clocks using create_clock/create_generated_clock for sequential elements. For pure combinatorial circuits, please specify a virtual clock, otherwise the vectorless estimation might be inaccurate
INFO: [Timing 38-35] Done setting XDC timing constraints.
Running Vector-less Activity Propagation...

Finished Running Vector-less Activity Propagation
77 Infos, 2 Warnings, 0 Critical Warnings and 0 Errors encountered.
report_power completed successfully
INFO: [runtcl-4] Executing : report_route_status -file MyDesign_wrapper_route_status.rpt -pb MyDesign_wrapper_route_status.pb
INFO: [runtcl-4] Executing : report_timing_summary -max_paths 10 -file MyDesign_wrapper_timing_summary_routed.rpt -pb MyDesign_wrapper_timing_summary_routed.pb -rpx MyDesign_wrapper_timing_summary_routed.rpx -warn_on_violation 
INFO: [Timing 38-91] UpdateTimingParams: Speed grade: -1, Delay Type: min_max.
INFO: [Timing 38-191] Multithreading enabled for timing update using a maximum of 4 CPUs
WARNING: [Timing 38-313] There are no user specified timing constraints. Timing constraints are needed for proper timing analysis.
INFO: [runtcl-4] Executing : report_incremental_reuse -file MyDesign_wrapper_incremental_reuse_routed.rpt
INFO: [Vivado_Tcl 4-1062] Incremental flow is disabled. No incremental reuse Info to report.
INFO: [runtcl-4] Executing : report_clock_utilization -file MyDesign_wrapper_clock_utilization_routed.rpt
INFO: [runtcl-4] Executing : report_bus_skew -warn_on_violation -file MyDesign_wrapper_bus_skew_routed.rpt -pb MyDesign_wrapper_bus_skew_routed.pb -rpx MyDesign_wrapper_bus_skew_routed.rpx
INFO: [Timing 38-91] UpdateTimingParams: Speed grade: -1, Delay Type: min_max.
INFO: [Timing 38-191] Multithreading enabled for timing update using a maximum of 4 CPUs
INFO: [Common 17-206] Exiting Vivado at Tue Sep 22 19:34:32 2020...

*** Running vivado
    with args -log MyDesign_wrapper.vdi -applog -m64 -product Vivado -messageDb vivado.pb -mode batch -source MyDesign_wrapper.tcl -notrace


****** Vivado v2018.3 (64-bit)
  **** SW Build 2405991 on Thu Dec  6 23:36:41 MST 2018
  **** IP Build 2404404 on Fri Dec  7 01:43:56 MST 2018
    ** Copyright 1986-2018 Xilinx, Inc. All Rights Reserved.

source MyDesign_wrapper.tcl -notrace
Command: open_checkpoint MyDesign_wrapper_routed.dcp

Starting open_checkpoint Task

Time (s): cpu = 00:00:00.07 ; elapsed = 00:00:00.10 . Memory (MB): peak = 1340.660 ; gain = 0.000 ; free physical = 1652 ; free virtual = 13546
INFO: [Netlist 29-17] Analyzing 5 Unisim elements for replacement
INFO: [Netlist 29-28] Unisim Transformation completed in 0 CPU seconds
INFO: [Project 1-479] Netlist was created with Vivado 2018.3
INFO: [Device 21-403] Loading part xc7z020clg400-1
INFO: [Project 1-570] Preparing netlist for logic optimization
INFO: [Timing 38-478] Restoring timing data from binary archive.
INFO: [Timing 38-479] Binary timing data restore complete.
INFO: [Project 1-856] Restoring constraints from binary archive.
INFO: [Project 1-853] Binary constraint restore complete.
Reading XDEF placement.
Reading placer database...
Reading XDEF routing.
Read XDEF File: Time (s): cpu = 00:00:00.14 ; elapsed = 00:00:00.19 . Memory (MB): peak = 1996.020 ; gain = 0.000 ; free physical = 920 ; free virtual = 12813
Restored from archive | CPU: 0.190000 secs | Memory: 1.099251 MB |
Finished XDEF File Restore: Time (s): cpu = 00:00:00.14 ; elapsed = 00:00:00.19 . Memory (MB): peak = 1996.020 ; gain = 0.000 ; free physical = 920 ; free virtual = 12813
Netlist sorting complete. Time (s): cpu = 00:00:00 ; elapsed = 00:00:00 . Memory (MB): peak = 1996.020 ; gain = 0.000 ; free physical = 921 ; free virtual = 12814
INFO: [Project 1-111] Unisim Transformation Summary:
No Unisim elements were transformed.

INFO: [Project 1-604] Checkpoint was created with Vivado v2018.3 (64-bit) build 2405991
open_checkpoint: Time (s): cpu = 00:00:14 ; elapsed = 00:00:16 . Memory (MB): peak = 1996.020 ; gain = 655.359 ; free physical = 920 ; free virtual = 12814
Command: write_bitstream -force MyDesign_wrapper.bit
Attempting to get a license for feature 'Implementation' and/or device 'xc7z020'
INFO: [Common 17-349] Got license for feature 'Implementation' and/or device 'xc7z020'
Running DRC as a precondition to command write_bitstream
INFO: [IP_Flow 19-234] Refreshing IP repositories
INFO: [IP_Flow 19-1704] No user IP repositories specified
INFO: [IP_Flow 19-2313] Loaded Vivado IP repository '/tools/Xilinx/Vivado/2018.3/data/ip'.
INFO: [DRC 23-27] Running DRC with 4 threads
WARNING: [DRC PDRC-153] Gated clock check: Net MyDesign_i/multiplexer_4x1_0/U0/out1 is a gated clock net sourced by a combinational pin MyDesign_i/multiplexer_4x1_0/U0/out1__0/O, cell MyDesign_i/multiplexer_4x1_0/U0/out1__0. This is not good design practice and will likely impact performance. For SLICE registers, for example, use the CE pin to control the loading of data.
WARNING: [DRC ZPS7-1] PS7 block required: The PS7 cell must be used in this Zynq design in order to enable correct default configuration.
INFO: [Vivado 12-3199] DRC finished with 0 Errors, 2 Warnings
INFO: [Vivado 12-3200] Please refer to the DRC report (report_drc) for more information.
INFO: [Designutils 20-2272] Running write_bitstream with 4 threads.
Loading data files...
Loading site data...
Loading route data...
Processing options...
Creating bitmap...
Creating bitstream...
Writing bitstream ./MyDesign_wrapper.bit...
INFO: [Vivado 12-1842] Bitgen Completed Successfully.
INFO: [Project 1-120] WebTalk data collection is mandatory when using a WebPACK part without a full Vivado license. To see the specific WebTalk data collected for your design, open the usage_statistics_webtalk.html or usage_statistics_webtalk.xml file in the implementation directory.
INFO: [Common 17-83] Releasing license: Implementation
22 Infos, 2 Warnings, 0 Critical Warnings and 0 Errors encountered.
write_bitstream completed successfully
write_bitstream: Time (s): cpu = 00:00:15 ; elapsed = 00:01:20 . Memory (MB): peak = 2449.352 ; gain = 453.332 ; free physical = 854 ; free virtual = 12736
INFO: [Common 17-206] Exiting Vivado at Tue Sep 22 19:36:26 2020...
