10:31:01 INFO  : Registering command handlers for SDK TCF services
10:31:02 INFO  : Launching XSCT server: xsct -n -interactive /home/runge/Subjects/Embedded/code/mCUARTComTask1/temp_xsdb_launch_script.tcl
10:31:05 INFO  : XSCT server has started successfully.
10:31:05 INFO  : Successfully done setting XSCT server connection channel  
10:31:06 INFO  : Successfully done setting SDK workspace  
10:41:43 INFO  : Connected to target on host '127.0.0.1' and port '3121'.
10:41:43 INFO  : Jtag cable 'Xilinx TUL 1234-tulA' is selected.
10:41:43 INFO  : 'jtag frequency' command is executed.
10:41:43 INFO  : Sourcing of '/home/runge/Subjects/Embedded/code/mCUARTComTask1/ZC702_hw_platform/ps7_init.tcl' is done.
10:41:43 INFO  : Context for 'APU' is selected.
10:41:43 INFO  : Hardware design information is loaded from '/home/runge/Subjects/Embedded/code/mCUARTComTask1/ZC702_hw_platform/system.hdf'.
10:41:43 INFO  : 'configparams force-mem-access 1' command is executed.
10:41:43 INFO  : Context for 'APU' is selected.
10:41:43 INFO  : 'stop' command is executed.
10:41:43 INFO  : 'ps7_init' command is executed.
10:41:43 INFO  : 'ps7_post_config' command is executed.
10:41:43 INFO  : Context for processor 'ps7_cortexa9_0' is selected.
10:41:43 INFO  : Processor reset is completed for 'ps7_cortexa9_0'.
10:41:43 INFO  : Context for processor 'ps7_cortexa9_0' is selected.
10:41:45 ERROR : Memory write error at 0x100000. APB AP transaction error, DAP status f0000021
10:41:45 INFO  : ----------------XSDB Script----------------
connect -url tcp:127.0.0.1:3121
source /home/runge/Subjects/Embedded/code/mCUARTComTask1/ZC702_hw_platform/ps7_init.tcl
targets -set -nocase -filter {name =~"APU*" && jtag_cable_name =~ "Xilinx TUL 1234-tulA"} -index 0
loadhw -hw /home/runge/Subjects/Embedded/code/mCUARTComTask1/ZC702_hw_platform/system.hdf -mem-ranges [list {0x40000000 0xbfffffff}]
configparams force-mem-access 1
targets -set -nocase -filter {name =~"APU*" && jtag_cable_name =~ "Xilinx TUL 1234-tulA"} -index 0
stop
ps7_init
ps7_post_config
targets -set -nocase -filter {name =~ "ARM*#0" && jtag_cable_name =~ "Xilinx TUL 1234-tulA"} -index 0
rst -processor
targets -set -nocase -filter {name =~ "ARM*#0" && jtag_cable_name =~ "Xilinx TUL 1234-tulA"} -index 0
dow /home/runge/Subjects/Embedded/code/mCUARTComTask1/mCUARTCom/Debug/mCUARTCom.elf
----------------End of Script----------------

10:42:06 INFO  : Connected to target on host '127.0.0.1' and port '3121'.
10:42:06 INFO  : Jtag cable 'Xilinx TUL 1234-tulA' is selected.
10:42:06 INFO  : 'jtag frequency' command is executed.
10:42:06 INFO  : Sourcing of '/home/runge/Subjects/Embedded/code/mCUARTComTask1/ZC702_hw_platform/ps7_init.tcl' is done.
10:42:06 INFO  : Context for 'APU' is selected.
10:42:06 INFO  : Hardware design information is loaded from '/home/runge/Subjects/Embedded/code/mCUARTComTask1/ZC702_hw_platform/system.hdf'.
10:42:06 INFO  : 'configparams force-mem-access 1' command is executed.
10:42:06 INFO  : Context for 'APU' is selected.
10:42:06 INFO  : 'stop' command is executed.
10:42:06 ERROR : AP transaction error, DAP status f0000021
10:42:06 INFO  : ----------------XSDB Script----------------
connect -url tcp:127.0.0.1:3121
source /home/runge/Subjects/Embedded/code/mCUARTComTask1/ZC702_hw_platform/ps7_init.tcl
targets -set -nocase -filter {name =~"APU*" && jtag_cable_name =~ "Xilinx TUL 1234-tulA"} -index 0
loadhw -hw /home/runge/Subjects/Embedded/code/mCUARTComTask1/ZC702_hw_platform/system.hdf -mem-ranges [list {0x40000000 0xbfffffff}]
configparams force-mem-access 1
targets -set -nocase -filter {name =~"APU*" && jtag_cable_name =~ "Xilinx TUL 1234-tulA"} -index 0
stop
ps7_init
----------------End of Script----------------

10:43:18 INFO  : Connected to target on host '127.0.0.1' and port '3121'.
