
*** Running vivado
    with args -log TopLevel_bundle_splitter_mux_0_0.vds -m64 -product Vivado -mode batch -messageDb vivado.pb -notrace -source TopLevel_bundle_splitter_mux_0_0.tcl


****** Vivado v2018.3 (64-bit)
  **** SW Build 2405991 on Thu Dec  6 23:36:41 MST 2018
  **** IP Build 2404404 on Fri Dec  7 01:43:56 MST 2018
    ** Copyright 1986-2018 Xilinx, Inc. All Rights Reserved.

source TopLevel_bundle_splitter_mux_0_0.tcl -notrace
Command: synth_design -top TopLevel_bundle_splitter_mux_0_0 -part xc7z020clg400-1 -mode out_of_context
Starting synth_design
Attempting to get a license for feature 'Synthesis' and/or device 'xc7z020'
INFO: [Common 17-349] Got license for feature 'Synthesis' and/or device 'xc7z020'
INFO: Launching helper process for spawning children vivado processes
INFO: Helper process launched with PID 21142 
---------------------------------------------------------------------------------
Starting Synthesize : Time (s): cpu = 00:00:03 ; elapsed = 00:00:05 . Memory (MB): peak = 1358.754 ; gain = 0.000 ; free physical = 3885 ; free virtual = 15754
---------------------------------------------------------------------------------
INFO: [Synth 8-638] synthesizing module 'TopLevel_bundle_splitter_mux_0_0' [/home/runge/Subjects/Embedded/Journal1_sources/Journal1/Journal1.srcs/sources_1/bd/TopLevel/ip/TopLevel_bundle_splitter_mux_0_0/synth/TopLevel_bundle_splitter_mux_0_0.vhd:63]
INFO: [Synth 8-3491] module 'bundle_splitter_mux' declared at '/home/runge/Subjects/Embedded/Journal1_sources/bundle_splitter_mux.vhd:4' bound to instance 'U0' of component 'bundle_splitter_mux' [/home/runge/Subjects/Embedded/Journal1_sources/Journal1/Journal1.srcs/sources_1/bd/TopLevel/ip/TopLevel_bundle_splitter_mux_0_0/synth/TopLevel_bundle_splitter_mux_0_0.vhd:81]
INFO: [Synth 8-638] synthesizing module 'bundle_splitter_mux' [/home/runge/Subjects/Embedded/Journal1_sources/bundle_splitter_mux.vhd:9]
INFO: [Synth 8-256] done synthesizing module 'bundle_splitter_mux' (1#1) [/home/runge/Subjects/Embedded/Journal1_sources/bundle_splitter_mux.vhd:9]
INFO: [Synth 8-256] done synthesizing module 'TopLevel_bundle_splitter_mux_0_0' (2#1) [/home/runge/Subjects/Embedded/Journal1_sources/Journal1/Journal1.srcs/sources_1/bd/TopLevel/ip/TopLevel_bundle_splitter_mux_0_0/synth/TopLevel_bundle_splitter_mux_0_0.vhd:63]
WARNING: [Synth 8-3331] design bundle_splitter_mux has unconnected port in1[3]
WARNING: [Synth 8-3331] design bundle_splitter_mux has unconnected port in1[2]
---------------------------------------------------------------------------------
Finished Synthesize : Time (s): cpu = 00:00:04 ; elapsed = 00:00:06 . Memory (MB): peak = 1389.191 ; gain = 30.438 ; free physical = 3902 ; free virtual = 15774
---------------------------------------------------------------------------------
---------------------------------------------------------------------------------
Finished Constraint Validation : Time (s): cpu = 00:00:05 ; elapsed = 00:00:07 . Memory (MB): peak = 1389.191 ; gain = 30.438 ; free physical = 3891 ; free virtual = 15762
---------------------------------------------------------------------------------
---------------------------------------------------------------------------------
Start Loading Part and Timing Information
---------------------------------------------------------------------------------
Loading part: xc7z020clg400-1
---------------------------------------------------------------------------------
Finished Loading Part and Timing Information : Time (s): cpu = 00:00:05 ; elapsed = 00:00:07 . Memory (MB): peak = 1389.191 ; gain = 30.438 ; free physical = 3891 ; free virtual = 15762
---------------------------------------------------------------------------------
---------------------------------------------------------------------------------
Finished RTL Optimization Phase 2 : Time (s): cpu = 00:00:05 ; elapsed = 00:00:07 . Memory (MB): peak = 1389.191 ; gain = 30.438 ; free physical = 3876 ; free virtual = 15748
---------------------------------------------------------------------------------
INFO: [Device 21-403] Loading part xc7z020clg400-1

Report RTL Partitions: 
+-+--------------+------------+----------+
| |RTL Partition |Replication |Instances |
+-+--------------+------------+----------+
+-+--------------+------------+----------+
No constraint files found.
---------------------------------------------------------------------------------
Start RTL Component Statistics 
---------------------------------------------------------------------------------
Detailed RTL Component Info : 
---------------------------------------------------------------------------------
Finished RTL Component Statistics 
---------------------------------------------------------------------------------
---------------------------------------------------------------------------------
Start RTL Hierarchical Component Statistics 
---------------------------------------------------------------------------------
Hierarchical RTL Component report 
---------------------------------------------------------------------------------
Finished RTL Hierarchical Component Statistics
---------------------------------------------------------------------------------
---------------------------------------------------------------------------------
Start Part Resource Summary
---------------------------------------------------------------------------------
Part Resources:
DSPs: 220 (col length:60)
BRAMs: 280 (col length: RAMB18 60 RAMB36 30)
---------------------------------------------------------------------------------
Finished Part Resource Summary
---------------------------------------------------------------------------------
No constraint files found.
---------------------------------------------------------------------------------
Start Cross Boundary and Area Optimization
---------------------------------------------------------------------------------
Warning: Parallel synthesis criteria is not met 
WARNING: [Synth 8-3330] design TopLevel_bundle_splitter_mux_0_0 has an empty top module
WARNING: [Synth 8-3331] design TopLevel_bundle_splitter_mux_0_0 has unconnected port in1[3]
WARNING: [Synth 8-3331] design TopLevel_bundle_splitter_mux_0_0 has unconnected port in1[2]
---------------------------------------------------------------------------------
Finished Cross Boundary and Area Optimization : Time (s): cpu = 00:00:09 ; elapsed = 00:00:12 . Memory (MB): peak = 1498.902 ; gain = 140.148 ; free physical = 3579 ; free virtual = 15452
---------------------------------------------------------------------------------

Report RTL Partitions: 
+-+--------------+------------+----------+
| |RTL Partition |Replication |Instances |
+-+--------------+------------+----------+
+-+--------------+------------+----------+
No constraint files found.
---------------------------------------------------------------------------------
Start Timing Optimization
---------------------------------------------------------------------------------
---------------------------------------------------------------------------------
Finished Timing Optimization : Time (s): cpu = 00:00:10 ; elapsed = 00:00:12 . Memory (MB): peak = 1498.902 ; gain = 140.148 ; free physical = 3589 ; free virtual = 15461
---------------------------------------------------------------------------------

Report RTL Partitions: 
+-+--------------+------------+----------+
| |RTL Partition |Replication |Instances |
+-+--------------+------------+----------+
+-+--------------+------------+----------+
---------------------------------------------------------------------------------
Start Technology Mapping
---------------------------------------------------------------------------------
---------------------------------------------------------------------------------
Finished Technology Mapping : Time (s): cpu = 00:00:10 ; elapsed = 00:00:12 . Memory (MB): peak = 1507.918 ; gain = 149.164 ; free physical = 3585 ; free virtual = 15458
---------------------------------------------------------------------------------

Report RTL Partitions: 
+-+--------------+------------+----------+
| |RTL Partition |Replication |Instances |
+-+--------------+------------+----------+
+-+--------------+------------+----------+
---------------------------------------------------------------------------------
Start IO Insertion
---------------------------------------------------------------------------------
---------------------------------------------------------------------------------
Start Flattening Before IO Insertion
---------------------------------------------------------------------------------
---------------------------------------------------------------------------------
Finished Flattening Before IO Insertion
---------------------------------------------------------------------------------
---------------------------------------------------------------------------------
Start Final Netlist Cleanup
---------------------------------------------------------------------------------
---------------------------------------------------------------------------------
Finished Final Netlist Cleanup
---------------------------------------------------------------------------------
---------------------------------------------------------------------------------
Finished IO Insertion : Time (s): cpu = 00:00:11 ; elapsed = 00:00:14 . Memory (MB): peak = 1507.918 ; gain = 149.164 ; free physical = 3571 ; free virtual = 15444
---------------------------------------------------------------------------------

Report Check Netlist: 
+------+------------------+-------+---------+-------+------------------+
|      |Item              |Errors |Warnings |Status |Description       |
+------+------------------+-------+---------+-------+------------------+
|1     |multi_driven_nets |      0|        0|Passed |Multi driven nets |
+------+------------------+-------+---------+-------+------------------+
---------------------------------------------------------------------------------
Start Renaming Generated Instances
---------------------------------------------------------------------------------
---------------------------------------------------------------------------------
Finished Renaming Generated Instances : Time (s): cpu = 00:00:11 ; elapsed = 00:00:14 . Memory (MB): peak = 1507.918 ; gain = 149.164 ; free physical = 3571 ; free virtual = 15444
---------------------------------------------------------------------------------

Report RTL Partitions: 
+-+--------------+------------+----------+
| |RTL Partition |Replication |Instances |
+-+--------------+------------+----------+
+-+--------------+------------+----------+
---------------------------------------------------------------------------------
Start Rebuilding User Hierarchy
---------------------------------------------------------------------------------
---------------------------------------------------------------------------------
Finished Rebuilding User Hierarchy : Time (s): cpu = 00:00:11 ; elapsed = 00:00:14 . Memory (MB): peak = 1507.918 ; gain = 149.164 ; free physical = 3571 ; free virtual = 15444
---------------------------------------------------------------------------------
---------------------------------------------------------------------------------
Start Renaming Generated Ports
---------------------------------------------------------------------------------
---------------------------------------------------------------------------------
Finished Renaming Generated Ports : Time (s): cpu = 00:00:11 ; elapsed = 00:00:14 . Memory (MB): peak = 1507.918 ; gain = 149.164 ; free physical = 3571 ; free virtual = 15444
---------------------------------------------------------------------------------
---------------------------------------------------------------------------------
Start Handling Custom Attributes
---------------------------------------------------------------------------------
---------------------------------------------------------------------------------
Finished Handling Custom Attributes : Time (s): cpu = 00:00:11 ; elapsed = 00:00:14 . Memory (MB): peak = 1507.918 ; gain = 149.164 ; free physical = 3571 ; free virtual = 15444
---------------------------------------------------------------------------------
---------------------------------------------------------------------------------
Start Renaming Generated Nets
---------------------------------------------------------------------------------
---------------------------------------------------------------------------------
Finished Renaming Generated Nets : Time (s): cpu = 00:00:11 ; elapsed = 00:00:14 . Memory (MB): peak = 1507.918 ; gain = 149.164 ; free physical = 3571 ; free virtual = 15444
---------------------------------------------------------------------------------
---------------------------------------------------------------------------------
Start Writing Synthesis Report
---------------------------------------------------------------------------------

Report BlackBoxes: 
+-+--------------+----------+
| |BlackBox name |Instances |
+-+--------------+----------+
+-+--------------+----------+

Report Cell Usage: 
+-+-----+------+
| |Cell |Count |
+-+-----+------+
+-+-----+------+

Report Instance Areas: 
+------+---------+-------+------+
|      |Instance |Module |Cells |
+------+---------+-------+------+
|1     |top      |       |     0|
+------+---------+-------+------+
---------------------------------------------------------------------------------
Finished Writing Synthesis Report : Time (s): cpu = 00:00:11 ; elapsed = 00:00:14 . Memory (MB): peak = 1507.918 ; gain = 149.164 ; free physical = 3571 ; free virtual = 15444
---------------------------------------------------------------------------------
Synthesis finished with 0 errors, 0 critical warnings and 5 warnings.
Synthesis Optimization Runtime : Time (s): cpu = 00:00:11 ; elapsed = 00:00:14 . Memory (MB): peak = 1507.918 ; gain = 149.164 ; free physical = 3570 ; free virtual = 15443
Synthesis Optimization Complete : Time (s): cpu = 00:00:11 ; elapsed = 00:00:14 . Memory (MB): peak = 1507.926 ; gain = 149.164 ; free physical = 3581 ; free virtual = 15453
INFO: [Project 1-571] Translating synthesized netlist
INFO: [Project 1-570] Preparing netlist for logic optimization
INFO: [Opt 31-138] Pushed 0 inverter(s) to 0 load pin(s).
Netlist sorting complete. Time (s): cpu = 00:00:00 ; elapsed = 00:00:00 . Memory (MB): peak = 1595.941 ; gain = 0.000 ; free physical = 3441 ; free virtual = 15313
INFO: [Project 1-111] Unisim Transformation Summary:
No Unisim elements were transformed.

INFO: [Common 17-83] Releasing license: Synthesis
12 Infos, 5 Warnings, 0 Critical Warnings and 0 Errors encountered.
synth_design completed successfully
synth_design: Time (s): cpu = 00:00:15 ; elapsed = 00:00:17 . Memory (MB): peak = 1595.941 ; gain = 237.250 ; free physical = 3476 ; free virtual = 15348
Netlist sorting complete. Time (s): cpu = 00:00:00 ; elapsed = 00:00:00 . Memory (MB): peak = 1595.941 ; gain = 0.000 ; free physical = 3475 ; free virtual = 15348
WARNING: [Constraints 18-5210] No constraints selected for write.
Resolution: This message can indicate that there are no constraints for the design, or it can indicate that the used_in flags are set such that the constraints are ignored. This later case is used when running synth_design to not write synthesis constraints to the resulting checkpoint. Instead, project constraints are read when the synthesized design is opened.
INFO: [Timing 38-35] Done setting XDC timing constraints.
INFO: [Common 17-1381] The checkpoint '/home/runge/Subjects/Embedded/Journal1_sources/Journal1/Journal1.runs/TopLevel_bundle_splitter_mux_0_0_synth_1/TopLevel_bundle_splitter_mux_0_0.dcp' has been generated.
write_checkpoint: Time (s): cpu = 00:00:08 ; elapsed = 00:00:08 . Memory (MB): peak = 1993.531 ; gain = 397.590 ; free physical = 3646 ; free virtual = 15517
Netlist sorting complete. Time (s): cpu = 00:00:00 ; elapsed = 00:00:00 . Memory (MB): peak = 1993.531 ; gain = 0.000 ; free physical = 3646 ; free virtual = 15517
WARNING: [Constraints 18-5210] No constraints selected for write.
Resolution: This message can indicate that there are no constraints for the design, or it can indicate that the used_in flags are set such that the constraints are ignored. This later case is used when running synth_design to not write synthesis constraints to the resulting checkpoint. Instead, project constraints are read when the synthesized design is opened.
INFO: [Common 17-1381] The checkpoint '/home/runge/Subjects/Embedded/Journal1_sources/Journal1/Journal1.runs/TopLevel_bundle_splitter_mux_0_0_synth_1/TopLevel_bundle_splitter_mux_0_0.dcp' has been generated.
INFO: [runtcl-4] Executing : report_utilization -file TopLevel_bundle_splitter_mux_0_0_utilization_synth.rpt -pb TopLevel_bundle_splitter_mux_0_0_utilization_synth.pb
INFO: [Common 17-206] Exiting Vivado at Sat Sep 19 22:09:39 2020...
