
*** Running vivado
    with args -log design_1_comparator_27bits_0_0.vds -m64 -product Vivado -mode batch -messageDb vivado.pb -notrace -source design_1_comparator_27bits_0_0.tcl


****** Vivado v2018.3 (64-bit)
  **** SW Build 2405991 on Thu Dec  6 23:36:41 MST 2018
  **** IP Build 2404404 on Fri Dec  7 01:43:56 MST 2018
    ** Copyright 1986-2018 Xilinx, Inc. All Rights Reserved.

source design_1_comparator_27bits_0_0.tcl -notrace
Command: synth_design -top design_1_comparator_27bits_0_0 -part xc7z020clg400-1 -mode out_of_context
Starting synth_design
Attempting to get a license for feature 'Synthesis' and/or device 'xc7z020'
INFO: [Common 17-349] Got license for feature 'Synthesis' and/or device 'xc7z020'
INFO: Launching helper process for spawning children vivado processes
INFO: Helper process launched with PID 15848 
---------------------------------------------------------------------------------
Starting Synthesize : Time (s): cpu = 00:00:02 ; elapsed = 00:00:03 . Memory (MB): peak = 1348.758 ; gain = 0.000 ; free physical = 4960 ; free virtual = 16519
---------------------------------------------------------------------------------
INFO: [Synth 8-638] synthesizing module 'design_1_comparator_27bits_0_0' [/home/runge/PWM_LED_BLINK/PWM_LED_BLINK.srcs/sources_1/bd/design_1/ip/design_1_comparator_27bits_0_0/synth/design_1_comparator_27bits_0_0.vhd:64]
INFO: [Synth 8-3491] module 'comparator_27bits' declared at '/home/runge/PWM_LED_BLINK/PWM_LED_BLINK.srcs/sources_1/new/comparator_27bits.vhd:13' bound to instance 'U0' of component 'comparator_27bits' [/home/runge/PWM_LED_BLINK/PWM_LED_BLINK.srcs/sources_1/bd/design_1/ip/design_1_comparator_27bits_0_0/synth/design_1_comparator_27bits_0_0.vhd:83]
INFO: [Synth 8-638] synthesizing module 'comparator_27bits' [/home/runge/PWM_LED_BLINK/PWM_LED_BLINK.srcs/sources_1/new/comparator_27bits.vhd:19]
WARNING: [Synth 8-614] signal 'x_sig' is read in the process but is not in the sensitivity list [/home/runge/PWM_LED_BLINK/PWM_LED_BLINK.srcs/sources_1/new/comparator_27bits.vhd:22]
WARNING: [Synth 8-614] signal 'y_sig' is read in the process but is not in the sensitivity list [/home/runge/PWM_LED_BLINK/PWM_LED_BLINK.srcs/sources_1/new/comparator_27bits.vhd:22]
INFO: [Synth 8-256] done synthesizing module 'comparator_27bits' (1#1) [/home/runge/PWM_LED_BLINK/PWM_LED_BLINK.srcs/sources_1/new/comparator_27bits.vhd:19]
INFO: [Synth 8-256] done synthesizing module 'design_1_comparator_27bits_0_0' (2#1) [/home/runge/PWM_LED_BLINK/PWM_LED_BLINK.srcs/sources_1/bd/design_1/ip/design_1_comparator_27bits_0_0/synth/design_1_comparator_27bits_0_0.vhd:64]
---------------------------------------------------------------------------------
Finished Synthesize : Time (s): cpu = 00:00:03 ; elapsed = 00:00:04 . Memory (MB): peak = 1389.441 ; gain = 40.684 ; free physical = 4935 ; free virtual = 16495
---------------------------------------------------------------------------------
---------------------------------------------------------------------------------
Finished Constraint Validation : Time (s): cpu = 00:00:03 ; elapsed = 00:00:04 . Memory (MB): peak = 1389.441 ; gain = 40.684 ; free physical = 4934 ; free virtual = 16494
---------------------------------------------------------------------------------
---------------------------------------------------------------------------------
Start Loading Part and Timing Information
---------------------------------------------------------------------------------
Loading part: xc7z020clg400-1
---------------------------------------------------------------------------------
Finished Loading Part and Timing Information : Time (s): cpu = 00:00:03 ; elapsed = 00:00:04 . Memory (MB): peak = 1389.441 ; gain = 40.684 ; free physical = 4934 ; free virtual = 16494
---------------------------------------------------------------------------------
---------------------------------------------------------------------------------
INFO: [Device 21-403] Loading part xc7z020clg400-1
Finished RTL Optimization Phase 2 : Time (s): cpu = 00:00:03 ; elapsed = 00:00:04 . Memory (MB): peak = 1397.449 ; gain = 48.691 ; free physical = 4924 ; free virtual = 16484
---------------------------------------------------------------------------------

Report RTL Partitions: 
+-+--------------+------------+----------+
| |RTL Partition |Replication |Instances |
+-+--------------+------------+----------+
+-+--------------+------------+----------+
No constraint files found.
---------------------------------------------------------------------------------
Start RTL Component Statistics 
---------------------------------------------------------------------------------
Detailed RTL Component Info : 
---------------------------------------------------------------------------------
Finished RTL Component Statistics 
---------------------------------------------------------------------------------
---------------------------------------------------------------------------------
Start RTL Hierarchical Component Statistics 
---------------------------------------------------------------------------------
Hierarchical RTL Component report 
---------------------------------------------------------------------------------
Finished RTL Hierarchical Component Statistics
---------------------------------------------------------------------------------
---------------------------------------------------------------------------------
Start Part Resource Summary
---------------------------------------------------------------------------------
Part Resources:
DSPs: 220 (col length:60)
BRAMs: 280 (col length: RAMB18 60 RAMB36 30)
---------------------------------------------------------------------------------
Finished Part Resource Summary
---------------------------------------------------------------------------------
No constraint files found.
---------------------------------------------------------------------------------
Start Cross Boundary and Area Optimization
---------------------------------------------------------------------------------
Warning: Parallel synthesis criteria is not met 
---------------------------------------------------------------------------------
Finished Cross Boundary and Area Optimization : Time (s): cpu = 00:00:06 ; elapsed = 00:00:07 . Memory (MB): peak = 1518.051 ; gain = 169.293 ; free physical = 4645 ; free virtual = 16209
---------------------------------------------------------------------------------

Report RTL Partitions: 
+-+--------------+------------+----------+
| |RTL Partition |Replication |Instances |
+-+--------------+------------+----------+
+-+--------------+------------+----------+
No constraint files found.
---------------------------------------------------------------------------------
Start Timing Optimization
---------------------------------------------------------------------------------
---------------------------------------------------------------------------------
Finished Timing Optimization : Time (s): cpu = 00:00:06 ; elapsed = 00:00:07 . Memory (MB): peak = 1518.051 ; gain = 169.293 ; free physical = 4646 ; free virtual = 16208
---------------------------------------------------------------------------------

Report RTL Partitions: 
+-+--------------+------------+----------+
| |RTL Partition |Replication |Instances |
+-+--------------+------------+----------+
+-+--------------+------------+----------+
---------------------------------------------------------------------------------
Start Technology Mapping
---------------------------------------------------------------------------------
---------------------------------------------------------------------------------
Finished Technology Mapping : Time (s): cpu = 00:00:06 ; elapsed = 00:00:07 . Memory (MB): peak = 1518.051 ; gain = 169.293 ; free physical = 4644 ; free virtual = 16206
---------------------------------------------------------------------------------

Report RTL Partitions: 
+-+--------------+------------+----------+
| |RTL Partition |Replication |Instances |
+-+--------------+------------+----------+
+-+--------------+------------+----------+
---------------------------------------------------------------------------------
Start IO Insertion
---------------------------------------------------------------------------------
---------------------------------------------------------------------------------
Start Flattening Before IO Insertion
---------------------------------------------------------------------------------
---------------------------------------------------------------------------------
Finished Flattening Before IO Insertion
---------------------------------------------------------------------------------
---------------------------------------------------------------------------------
Start Final Netlist Cleanup
---------------------------------------------------------------------------------
---------------------------------------------------------------------------------
Finished Final Netlist Cleanup
---------------------------------------------------------------------------------
---------------------------------------------------------------------------------
Finished IO Insertion : Time (s): cpu = 00:00:07 ; elapsed = 00:00:08 . Memory (MB): peak = 1518.051 ; gain = 169.293 ; free physical = 4634 ; free virtual = 16195
---------------------------------------------------------------------------------

Report Check Netlist: 
+------+------------------+-------+---------+-------+------------------+
|      |Item              |Errors |Warnings |Status |Description       |
+------+------------------+-------+---------+-------+------------------+
|1     |multi_driven_nets |      0|        0|Passed |Multi driven nets |
+------+------------------+-------+---------+-------+------------------+
---------------------------------------------------------------------------------
Start Renaming Generated Instances
---------------------------------------------------------------------------------
---------------------------------------------------------------------------------
Finished Renaming Generated Instances : Time (s): cpu = 00:00:07 ; elapsed = 00:00:08 . Memory (MB): peak = 1518.051 ; gain = 169.293 ; free physical = 4634 ; free virtual = 16195
---------------------------------------------------------------------------------

Report RTL Partitions: 
+-+--------------+------------+----------+
| |RTL Partition |Replication |Instances |
+-+--------------+------------+----------+
+-+--------------+------------+----------+
---------------------------------------------------------------------------------
Start Rebuilding User Hierarchy
---------------------------------------------------------------------------------
---------------------------------------------------------------------------------
Finished Rebuilding User Hierarchy : Time (s): cpu = 00:00:07 ; elapsed = 00:00:08 . Memory (MB): peak = 1518.051 ; gain = 169.293 ; free physical = 4634 ; free virtual = 16195
---------------------------------------------------------------------------------
---------------------------------------------------------------------------------
Start Renaming Generated Ports
---------------------------------------------------------------------------------
---------------------------------------------------------------------------------
Finished Renaming Generated Ports : Time (s): cpu = 00:00:07 ; elapsed = 00:00:08 . Memory (MB): peak = 1518.051 ; gain = 169.293 ; free physical = 4634 ; free virtual = 16195
---------------------------------------------------------------------------------
---------------------------------------------------------------------------------
Start Handling Custom Attributes
---------------------------------------------------------------------------------
---------------------------------------------------------------------------------
Finished Handling Custom Attributes : Time (s): cpu = 00:00:07 ; elapsed = 00:00:08 . Memory (MB): peak = 1518.051 ; gain = 169.293 ; free physical = 4634 ; free virtual = 16195
---------------------------------------------------------------------------------
---------------------------------------------------------------------------------
Start Renaming Generated Nets
---------------------------------------------------------------------------------
---------------------------------------------------------------------------------
Finished Renaming Generated Nets : Time (s): cpu = 00:00:07 ; elapsed = 00:00:08 . Memory (MB): peak = 1518.051 ; gain = 169.293 ; free physical = 4634 ; free virtual = 16195
---------------------------------------------------------------------------------
---------------------------------------------------------------------------------
Start Writing Synthesis Report
---------------------------------------------------------------------------------

Report BlackBoxes: 
+-+--------------+----------+
| |BlackBox name |Instances |
+-+--------------+----------+
+-+--------------+----------+

Report Cell Usage: 
+------+-------+------+
|      |Cell   |Count |
+------+-------+------+
|1     |CARRY4 |     4|
|2     |LUT2   |     2|
|3     |LUT4   |    26|
+------+-------+------+

Report Instance Areas: 
+------+---------+------------------+------+
|      |Instance |Module            |Cells |
+------+---------+------------------+------+
|1     |top      |                  |    32|
|2     |  U0     |comparator_27bits |    32|
+------+---------+------------------+------+
---------------------------------------------------------------------------------
Finished Writing Synthesis Report : Time (s): cpu = 00:00:07 ; elapsed = 00:00:08 . Memory (MB): peak = 1518.051 ; gain = 169.293 ; free physical = 4634 ; free virtual = 16195
---------------------------------------------------------------------------------
Synthesis finished with 0 errors, 0 critical warnings and 2 warnings.
Synthesis Optimization Runtime : Time (s): cpu = 00:00:07 ; elapsed = 00:00:08 . Memory (MB): peak = 1518.051 ; gain = 169.293 ; free physical = 4636 ; free virtual = 16197
Synthesis Optimization Complete : Time (s): cpu = 00:00:07 ; elapsed = 00:00:08 . Memory (MB): peak = 1518.059 ; gain = 169.293 ; free physical = 4648 ; free virtual = 16209
INFO: [Project 1-571] Translating synthesized netlist
INFO: [Netlist 29-17] Analyzing 4 Unisim elements for replacement
INFO: [Netlist 29-28] Unisim Transformation completed in 0 CPU seconds
INFO: [Project 1-570] Preparing netlist for logic optimization
INFO: [Opt 31-138] Pushed 0 inverter(s) to 0 load pin(s).
Netlist sorting complete. Time (s): cpu = 00:00:00 ; elapsed = 00:00:00 . Memory (MB): peak = 1605.074 ; gain = 0.000 ; free physical = 4470 ; free virtual = 16031
INFO: [Project 1-111] Unisim Transformation Summary:
No Unisim elements were transformed.

INFO: [Common 17-83] Releasing license: Synthesis
14 Infos, 2 Warnings, 0 Critical Warnings and 0 Errors encountered.
synth_design completed successfully
synth_design: Time (s): cpu = 00:00:10 ; elapsed = 00:00:10 . Memory (MB): peak = 1605.074 ; gain = 256.383 ; free physical = 4512 ; free virtual = 16073
Netlist sorting complete. Time (s): cpu = 00:00:00 ; elapsed = 00:00:00 . Memory (MB): peak = 1605.074 ; gain = 0.000 ; free physical = 4512 ; free virtual = 16073
WARNING: [Constraints 18-5210] No constraints selected for write.
Resolution: This message can indicate that there are no constraints for the design, or it can indicate that the used_in flags are set such that the constraints are ignored. This later case is used when running synth_design to not write synthesis constraints to the resulting checkpoint. Instead, project constraints are read when the synthesized design is opened.
INFO: [Timing 38-35] Done setting XDC timing constraints.
INFO: [Common 17-1381] The checkpoint '/home/runge/PWM_LED_BLINK/PWM_LED_BLINK.runs/design_1_comparator_27bits_0_0_synth_1/design_1_comparator_27bits_0_0.dcp' has been generated.
write_checkpoint: Time (s): cpu = 00:00:08 ; elapsed = 00:00:08 . Memory (MB): peak = 2043.664 ; gain = 438.590 ; free physical = 3812 ; free virtual = 15381
Netlist sorting complete. Time (s): cpu = 00:00:00 ; elapsed = 00:00:00 . Memory (MB): peak = 2043.664 ; gain = 0.000 ; free physical = 3812 ; free virtual = 15381
WARNING: [Constraints 18-5210] No constraints selected for write.
Resolution: This message can indicate that there are no constraints for the design, or it can indicate that the used_in flags are set such that the constraints are ignored. This later case is used when running synth_design to not write synthesis constraints to the resulting checkpoint. Instead, project constraints are read when the synthesized design is opened.
INFO: [Common 17-1381] The checkpoint '/home/runge/PWM_LED_BLINK/PWM_LED_BLINK.runs/design_1_comparator_27bits_0_0_synth_1/design_1_comparator_27bits_0_0.dcp' has been generated.
INFO: [runtcl-4] Executing : report_utilization -file design_1_comparator_27bits_0_0_utilization_synth.rpt -pb design_1_comparator_27bits_0_0_utilization_synth.pb
INFO: [Common 17-206] Exiting Vivado at Tue Sep 22 10:11:40 2020...
