
*** Running vivado
    with args -log MyDesign_bundle_splitter_mux_0_0.vds -m64 -product Vivado -mode batch -messageDb vivado.pb -notrace -source MyDesign_bundle_splitter_mux_0_0.tcl


****** Vivado v2018.3 (64-bit)
  **** SW Build 2405991 on Thu Dec  6 23:36:41 MST 2018
  **** IP Build 2404404 on Fri Dec  7 01:43:56 MST 2018
    ** Copyright 1986-2018 Xilinx, Inc. All Rights Reserved.

source MyDesign_bundle_splitter_mux_0_0.tcl -notrace
Command: synth_design -top MyDesign_bundle_splitter_mux_0_0 -part xc7z020clg400-1 -mode out_of_context
Starting synth_design
Attempting to get a license for feature 'Synthesis' and/or device 'xc7z020'
INFO: [Common 17-349] Got license for feature 'Synthesis' and/or device 'xc7z020'
INFO: Launching helper process for spawning children vivado processes
INFO: Helper process launched with PID 12130 
---------------------------------------------------------------------------------
Starting Synthesize : Time (s): cpu = 00:00:03 ; elapsed = 00:00:05 . Memory (MB): peak = 1343.000 ; gain = 45.934 ; free physical = 4545 ; free virtual = 16119
---------------------------------------------------------------------------------
INFO: [Synth 8-638] synthesizing module 'MyDesign_bundle_splitter_mux_0_0' [/home/runge/Subjects/Embedded/Journal1_sources/Journal1_take2/Journal1_take2.srcs/sources_1/bd/MyDesign/ip/MyDesign_bundle_splitter_mux_0_0/synth/MyDesign_bundle_splitter_mux_0_0.vhd:63]
INFO: [Synth 8-3491] module 'bundle_splitter_mux' declared at '/home/runge/Subjects/Embedded/Journal1_sources/bundle_splitter_mux.vhd:4' bound to instance 'U0' of component 'bundle_splitter_mux' [/home/runge/Subjects/Embedded/Journal1_sources/Journal1_take2/Journal1_take2.srcs/sources_1/bd/MyDesign/ip/MyDesign_bundle_splitter_mux_0_0/synth/MyDesign_bundle_splitter_mux_0_0.vhd:81]
INFO: [Synth 8-638] synthesizing module 'bundle_splitter_mux' [/home/runge/Subjects/Embedded/Journal1_sources/bundle_splitter_mux.vhd:9]
INFO: [Synth 8-256] done synthesizing module 'bundle_splitter_mux' (1#1) [/home/runge/Subjects/Embedded/Journal1_sources/bundle_splitter_mux.vhd:9]
INFO: [Synth 8-256] done synthesizing module 'MyDesign_bundle_splitter_mux_0_0' (2#1) [/home/runge/Subjects/Embedded/Journal1_sources/Journal1_take2/Journal1_take2.srcs/sources_1/bd/MyDesign/ip/MyDesign_bundle_splitter_mux_0_0/synth/MyDesign_bundle_splitter_mux_0_0.vhd:63]
WARNING: [Synth 8-3331] design bundle_splitter_mux has unconnected port in1[3]
WARNING: [Synth 8-3331] design bundle_splitter_mux has unconnected port in1[2]
---------------------------------------------------------------------------------
Finished Synthesize : Time (s): cpu = 00:00:04 ; elapsed = 00:00:06 . Memory (MB): peak = 1387.750 ; gain = 90.684 ; free physical = 4574 ; free virtual = 16148
---------------------------------------------------------------------------------
---------------------------------------------------------------------------------
Finished Constraint Validation : Time (s): cpu = 00:00:04 ; elapsed = 00:00:06 . Memory (MB): peak = 1387.750 ; gain = 90.684 ; free physical = 4571 ; free virtual = 16146
---------------------------------------------------------------------------------
---------------------------------------------------------------------------------
Start Loading Part and Timing Information
---------------------------------------------------------------------------------
Loading part: xc7z020clg400-1
---------------------------------------------------------------------------------
Finished Loading Part and Timing Information : Time (s): cpu = 00:00:04 ; elapsed = 00:00:06 . Memory (MB): peak = 1387.750 ; gain = 90.684 ; free physical = 4571 ; free virtual = 16146
---------------------------------------------------------------------------------
---------------------------------------------------------------------------------
INFO: [Device 21-403] Loading part xc7z020clg400-1
Finished RTL Optimization Phase 2 : Time (s): cpu = 00:00:04 ; elapsed = 00:00:06 . Memory (MB): peak = 1387.750 ; gain = 90.684 ; free physical = 4558 ; free virtual = 16133
---------------------------------------------------------------------------------

Report RTL Partitions: 
+-+--------------+------------+----------+
| |RTL Partition |Replication |Instances |
+-+--------------+------------+----------+
+-+--------------+------------+----------+
No constraint files found.
---------------------------------------------------------------------------------
Start RTL Component Statistics 
---------------------------------------------------------------------------------
Detailed RTL Component Info : 
---------------------------------------------------------------------------------
Finished RTL Component Statistics 
---------------------------------------------------------------------------------
---------------------------------------------------------------------------------
Start RTL Hierarchical Component Statistics 
---------------------------------------------------------------------------------
Hierarchical RTL Component report 
---------------------------------------------------------------------------------
Finished RTL Hierarchical Component Statistics
---------------------------------------------------------------------------------
---------------------------------------------------------------------------------
Start Part Resource Summary
---------------------------------------------------------------------------------
Part Resources:
DSPs: 220 (col length:60)
BRAMs: 280 (col length: RAMB18 60 RAMB36 30)
---------------------------------------------------------------------------------
Finished Part Resource Summary
---------------------------------------------------------------------------------
No constraint files found.
---------------------------------------------------------------------------------
Start Cross Boundary and Area Optimization
---------------------------------------------------------------------------------
Warning: Parallel synthesis criteria is not met 
WARNING: [Synth 8-3330] design MyDesign_bundle_splitter_mux_0_0 has an empty top module
WARNING: [Synth 8-3331] design MyDesign_bundle_splitter_mux_0_0 has unconnected port in1[3]
WARNING: [Synth 8-3331] design MyDesign_bundle_splitter_mux_0_0 has unconnected port in1[2]
---------------------------------------------------------------------------------
Finished Cross Boundary and Area Optimization : Time (s): cpu = 00:00:07 ; elapsed = 00:00:10 . Memory (MB): peak = 1497.461 ; gain = 200.395 ; free physical = 4234 ; free virtual = 15811
---------------------------------------------------------------------------------

Report RTL Partitions: 
+-+--------------+------------+----------+
| |RTL Partition |Replication |Instances |
+-+--------------+------------+----------+
+-+--------------+------------+----------+
No constraint files found.
---------------------------------------------------------------------------------
Start Timing Optimization
---------------------------------------------------------------------------------
---------------------------------------------------------------------------------
Finished Timing Optimization : Time (s): cpu = 00:00:07 ; elapsed = 00:00:10 . Memory (MB): peak = 1497.461 ; gain = 200.395 ; free physical = 4231 ; free virtual = 15809
---------------------------------------------------------------------------------

Report RTL Partitions: 
+-+--------------+------------+----------+
| |RTL Partition |Replication |Instances |
+-+--------------+------------+----------+
+-+--------------+------------+----------+
---------------------------------------------------------------------------------
Start Technology Mapping
---------------------------------------------------------------------------------
---------------------------------------------------------------------------------
Finished Technology Mapping : Time (s): cpu = 00:00:07 ; elapsed = 00:00:10 . Memory (MB): peak = 1506.477 ; gain = 209.410 ; free physical = 4230 ; free virtual = 15808
---------------------------------------------------------------------------------

Report RTL Partitions: 
+-+--------------+------------+----------+
| |RTL Partition |Replication |Instances |
+-+--------------+------------+----------+
+-+--------------+------------+----------+
---------------------------------------------------------------------------------
Start IO Insertion
---------------------------------------------------------------------------------
---------------------------------------------------------------------------------
Start Flattening Before IO Insertion
---------------------------------------------------------------------------------
---------------------------------------------------------------------------------
Finished Flattening Before IO Insertion
---------------------------------------------------------------------------------
---------------------------------------------------------------------------------
Start Final Netlist Cleanup
---------------------------------------------------------------------------------
---------------------------------------------------------------------------------
Finished Final Netlist Cleanup
---------------------------------------------------------------------------------
---------------------------------------------------------------------------------
Finished IO Insertion : Time (s): cpu = 00:00:08 ; elapsed = 00:00:10 . Memory (MB): peak = 1506.477 ; gain = 209.410 ; free physical = 4244 ; free virtual = 15822
---------------------------------------------------------------------------------

Report Check Netlist: 
+------+------------------+-------+---------+-------+------------------+
|      |Item              |Errors |Warnings |Status |Description       |
+------+------------------+-------+---------+-------+------------------+
|1     |multi_driven_nets |      0|        0|Passed |Multi driven nets |
+------+------------------+-------+---------+-------+------------------+
---------------------------------------------------------------------------------
Start Renaming Generated Instances
---------------------------------------------------------------------------------
---------------------------------------------------------------------------------
Finished Renaming Generated Instances : Time (s): cpu = 00:00:08 ; elapsed = 00:00:10 . Memory (MB): peak = 1506.477 ; gain = 209.410 ; free physical = 4244 ; free virtual = 15821
---------------------------------------------------------------------------------

Report RTL Partitions: 
+-+--------------+------------+----------+
| |RTL Partition |Replication |Instances |
+-+--------------+------------+----------+
+-+--------------+------------+----------+
---------------------------------------------------------------------------------
Start Rebuilding User Hierarchy
---------------------------------------------------------------------------------
---------------------------------------------------------------------------------
Finished Rebuilding User Hierarchy : Time (s): cpu = 00:00:08 ; elapsed = 00:00:10 . Memory (MB): peak = 1506.477 ; gain = 209.410 ; free physical = 4243 ; free virtual = 15821
---------------------------------------------------------------------------------
---------------------------------------------------------------------------------
Start Renaming Generated Ports
---------------------------------------------------------------------------------
---------------------------------------------------------------------------------
Finished Renaming Generated Ports : Time (s): cpu = 00:00:08 ; elapsed = 00:00:10 . Memory (MB): peak = 1506.477 ; gain = 209.410 ; free physical = 4243 ; free virtual = 15821
---------------------------------------------------------------------------------
---------------------------------------------------------------------------------
Start Handling Custom Attributes
---------------------------------------------------------------------------------
---------------------------------------------------------------------------------
Finished Handling Custom Attributes : Time (s): cpu = 00:00:08 ; elapsed = 00:00:10 . Memory (MB): peak = 1506.477 ; gain = 209.410 ; free physical = 4243 ; free virtual = 15821
---------------------------------------------------------------------------------
---------------------------------------------------------------------------------
Start Renaming Generated Nets
---------------------------------------------------------------------------------
---------------------------------------------------------------------------------
Finished Renaming Generated Nets : Time (s): cpu = 00:00:08 ; elapsed = 00:00:10 . Memory (MB): peak = 1506.477 ; gain = 209.410 ; free physical = 4243 ; free virtual = 15821
---------------------------------------------------------------------------------
---------------------------------------------------------------------------------
Start Writing Synthesis Report
---------------------------------------------------------------------------------

Report BlackBoxes: 
+-+--------------+----------+
| |BlackBox name |Instances |
+-+--------------+----------+
+-+--------------+----------+

Report Cell Usage: 
+-+-----+------+
| |Cell |Count |
+-+-----+------+
+-+-----+------+

Report Instance Areas: 
+------+---------+-------+------+
|      |Instance |Module |Cells |
+------+---------+-------+------+
|1     |top      |       |     0|
+------+---------+-------+------+
---------------------------------------------------------------------------------
Finished Writing Synthesis Report : Time (s): cpu = 00:00:08 ; elapsed = 00:00:10 . Memory (MB): peak = 1506.477 ; gain = 209.410 ; free physical = 4240 ; free virtual = 15818
---------------------------------------------------------------------------------
Synthesis finished with 0 errors, 0 critical warnings and 5 warnings.
Synthesis Optimization Runtime : Time (s): cpu = 00:00:08 ; elapsed = 00:00:10 . Memory (MB): peak = 1506.477 ; gain = 209.410 ; free physical = 4232 ; free virtual = 15810
Synthesis Optimization Complete : Time (s): cpu = 00:00:08 ; elapsed = 00:00:10 . Memory (MB): peak = 1506.484 ; gain = 209.410 ; free physical = 4232 ; free virtual = 15810
INFO: [Project 1-571] Translating synthesized netlist
INFO: [Project 1-570] Preparing netlist for logic optimization
INFO: [Opt 31-138] Pushed 0 inverter(s) to 0 load pin(s).
Netlist sorting complete. Time (s): cpu = 00:00:00 ; elapsed = 00:00:00 . Memory (MB): peak = 1595.508 ; gain = 0.000 ; free physical = 4069 ; free virtual = 15647
INFO: [Project 1-111] Unisim Transformation Summary:
No Unisim elements were transformed.

INFO: [Common 17-83] Releasing license: Synthesis
12 Infos, 5 Warnings, 0 Critical Warnings and 0 Errors encountered.
synth_design completed successfully
synth_design: Time (s): cpu = 00:00:11 ; elapsed = 00:00:12 . Memory (MB): peak = 1595.508 ; gain = 298.508 ; free physical = 4114 ; free virtual = 15692
Netlist sorting complete. Time (s): cpu = 00:00:00 ; elapsed = 00:00:00 . Memory (MB): peak = 1595.508 ; gain = 0.000 ; free physical = 4114 ; free virtual = 15692
WARNING: [Constraints 18-5210] No constraints selected for write.
Resolution: This message can indicate that there are no constraints for the design, or it can indicate that the used_in flags are set such that the constraints are ignored. This later case is used when running synth_design to not write synthesis constraints to the resulting checkpoint. Instead, project constraints are read when the synthesized design is opened.
INFO: [Timing 38-35] Done setting XDC timing constraints.
INFO: [Common 17-1381] The checkpoint '/home/runge/Subjects/Embedded/Journal1_sources/Journal1_take2/Journal1_take2.runs/MyDesign_bundle_splitter_mux_0_0_synth_1/MyDesign_bundle_splitter_mux_0_0.dcp' has been generated.
write_checkpoint: Time (s): cpu = 00:00:08 ; elapsed = 00:00:08 . Memory (MB): peak = 1992.098 ; gain = 396.590 ; free physical = 3415 ; free virtual = 14992
Netlist sorting complete. Time (s): cpu = 00:00:00 ; elapsed = 00:00:00 . Memory (MB): peak = 1992.098 ; gain = 0.000 ; free physical = 3415 ; free virtual = 14992
WARNING: [Constraints 18-5210] No constraints selected for write.
Resolution: This message can indicate that there are no constraints for the design, or it can indicate that the used_in flags are set such that the constraints are ignored. This later case is used when running synth_design to not write synthesis constraints to the resulting checkpoint. Instead, project constraints are read when the synthesized design is opened.
INFO: [Common 17-1381] The checkpoint '/home/runge/Subjects/Embedded/Journal1_sources/Journal1_take2/Journal1_take2.runs/MyDesign_bundle_splitter_mux_0_0_synth_1/MyDesign_bundle_splitter_mux_0_0.dcp' has been generated.
INFO: [runtcl-4] Executing : report_utilization -file MyDesign_bundle_splitter_mux_0_0_utilization_synth.rpt -pb MyDesign_bundle_splitter_mux_0_0_utilization_synth.pb
INFO: [Common 17-206] Exiting Vivado at Tue Sep 22 16:31:04 2020...
