
*** Running vivado
    with args -log MyDesign_multiplexer_4x1_0_0.vds -m64 -product Vivado -mode batch -messageDb vivado.pb -notrace -source MyDesign_multiplexer_4x1_0_0.tcl


****** Vivado v2018.3 (64-bit)
  **** SW Build 2405991 on Thu Dec  6 23:36:41 MST 2018
  **** IP Build 2404404 on Fri Dec  7 01:43:56 MST 2018
    ** Copyright 1986-2018 Xilinx, Inc. All Rights Reserved.

source MyDesign_multiplexer_4x1_0_0.tcl -notrace
Command: synth_design -top MyDesign_multiplexer_4x1_0_0 -part xc7z020clg400-1 -mode out_of_context
Starting synth_design
Attempting to get a license for feature 'Synthesis' and/or device 'xc7z020'
INFO: [Common 17-349] Got license for feature 'Synthesis' and/or device 'xc7z020'
INFO: Launching helper process for spawning children vivado processes
INFO: Helper process launched with PID 45371 
---------------------------------------------------------------------------------
Starting Synthesize : Time (s): cpu = 00:00:03 ; elapsed = 00:00:04 . Memory (MB): peak = 1344.418 ; gain = 11.934 ; free physical = 1462 ; free virtual = 13322
---------------------------------------------------------------------------------
INFO: [Synth 8-638] synthesizing module 'MyDesign_multiplexer_4x1_0_0' [/home/runge/Subjects/Embedded/Journal1_sources/Journal1_take2/Journal1_take2.srcs/sources_1/bd/MyDesign/ip/MyDesign_multiplexer_4x1_0_0/synth/MyDesign_multiplexer_4x1_0_0.vhd:64]
INFO: [Synth 8-3491] module 'multiplexer_4x1' declared at '/home/runge/Subjects/Embedded/Journal1_sources/multiplexer_4x1.vhd:4' bound to instance 'U0' of component 'multiplexer_4x1' [/home/runge/Subjects/Embedded/Journal1_sources/Journal1_take2/Journal1_take2.srcs/sources_1/bd/MyDesign/ip/MyDesign_multiplexer_4x1_0_0/synth/MyDesign_multiplexer_4x1_0_0.vhd:83]
INFO: [Synth 8-638] synthesizing module 'multiplexer_4x1' [/home/runge/Subjects/Embedded/Journal1_sources/multiplexer_4x1.vhd:9]
INFO: [Synth 8-256] done synthesizing module 'multiplexer_4x1' (1#1) [/home/runge/Subjects/Embedded/Journal1_sources/multiplexer_4x1.vhd:9]
INFO: [Synth 8-256] done synthesizing module 'MyDesign_multiplexer_4x1_0_0' (2#1) [/home/runge/Subjects/Embedded/Journal1_sources/Journal1_take2/Journal1_take2.srcs/sources_1/bd/MyDesign/ip/MyDesign_multiplexer_4x1_0_0/synth/MyDesign_multiplexer_4x1_0_0.vhd:64]
---------------------------------------------------------------------------------
Finished Synthesize : Time (s): cpu = 00:00:04 ; elapsed = 00:00:05 . Memory (MB): peak = 1389.168 ; gain = 56.684 ; free physical = 1447 ; free virtual = 13308
---------------------------------------------------------------------------------
---------------------------------------------------------------------------------
Finished Constraint Validation : Time (s): cpu = 00:00:04 ; elapsed = 00:00:05 . Memory (MB): peak = 1389.168 ; gain = 56.684 ; free physical = 1448 ; free virtual = 13308
---------------------------------------------------------------------------------
---------------------------------------------------------------------------------
Start Loading Part and Timing Information
---------------------------------------------------------------------------------
Loading part: xc7z020clg400-1
---------------------------------------------------------------------------------
Finished Loading Part and Timing Information : Time (s): cpu = 00:00:04 ; elapsed = 00:00:05 . Memory (MB): peak = 1389.168 ; gain = 56.684 ; free physical = 1447 ; free virtual = 13308
---------------------------------------------------------------------------------
---------------------------------------------------------------------------------
INFO: [Device 21-403] Loading part xc7z020clg400-1
Finished RTL Optimization Phase 2 : Time (s): cpu = 00:00:04 ; elapsed = 00:00:05 . Memory (MB): peak = 1397.176 ; gain = 64.691 ; free physical = 1443 ; free virtual = 13303
---------------------------------------------------------------------------------

Report RTL Partitions: 
+-+--------------+------------+----------+
| |RTL Partition |Replication |Instances |
+-+--------------+------------+----------+
+-+--------------+------------+----------+
No constraint files found.
---------------------------------------------------------------------------------
Start RTL Component Statistics 
---------------------------------------------------------------------------------
Detailed RTL Component Info : 
+---Muxes : 
	   4 Input      1 Bit        Muxes := 1     
---------------------------------------------------------------------------------
Finished RTL Component Statistics 
---------------------------------------------------------------------------------
---------------------------------------------------------------------------------
Start RTL Hierarchical Component Statistics 
---------------------------------------------------------------------------------
Hierarchical RTL Component report 
Module multiplexer_4x1 
Detailed RTL Component Info : 
+---Muxes : 
	   4 Input      1 Bit        Muxes := 1     
---------------------------------------------------------------------------------
Finished RTL Hierarchical Component Statistics
---------------------------------------------------------------------------------
---------------------------------------------------------------------------------
Start Part Resource Summary
---------------------------------------------------------------------------------
Part Resources:
DSPs: 220 (col length:60)
BRAMs: 280 (col length: RAMB18 60 RAMB36 30)
---------------------------------------------------------------------------------
Finished Part Resource Summary
---------------------------------------------------------------------------------
No constraint files found.
---------------------------------------------------------------------------------
Start Cross Boundary and Area Optimization
---------------------------------------------------------------------------------
Warning: Parallel synthesis criteria is not met 
---------------------------------------------------------------------------------
Finished Cross Boundary and Area Optimization : Time (s): cpu = 00:00:08 ; elapsed = 00:00:10 . Memory (MB): peak = 1517.777 ; gain = 185.293 ; free physical = 1150 ; free virtual = 13013
---------------------------------------------------------------------------------

Report RTL Partitions: 
+-+--------------+------------+----------+
| |RTL Partition |Replication |Instances |
+-+--------------+------------+----------+
+-+--------------+------------+----------+
No constraint files found.
---------------------------------------------------------------------------------
Start Timing Optimization
---------------------------------------------------------------------------------
---------------------------------------------------------------------------------
Finished Timing Optimization : Time (s): cpu = 00:00:08 ; elapsed = 00:00:10 . Memory (MB): peak = 1517.777 ; gain = 185.293 ; free physical = 1138 ; free virtual = 13001
---------------------------------------------------------------------------------

Report RTL Partitions: 
+-+--------------+------------+----------+
| |RTL Partition |Replication |Instances |
+-+--------------+------------+----------+
+-+--------------+------------+----------+
---------------------------------------------------------------------------------
Start Technology Mapping
---------------------------------------------------------------------------------
---------------------------------------------------------------------------------
Finished Technology Mapping : Time (s): cpu = 00:00:08 ; elapsed = 00:00:10 . Memory (MB): peak = 1517.777 ; gain = 185.293 ; free physical = 1135 ; free virtual = 12998
---------------------------------------------------------------------------------

Report RTL Partitions: 
+-+--------------+------------+----------+
| |RTL Partition |Replication |Instances |
+-+--------------+------------+----------+
+-+--------------+------------+----------+
---------------------------------------------------------------------------------
Start IO Insertion
---------------------------------------------------------------------------------
---------------------------------------------------------------------------------
Start Flattening Before IO Insertion
---------------------------------------------------------------------------------
---------------------------------------------------------------------------------
Finished Flattening Before IO Insertion
---------------------------------------------------------------------------------
---------------------------------------------------------------------------------
Start Final Netlist Cleanup
---------------------------------------------------------------------------------
---------------------------------------------------------------------------------
Finished Final Netlist Cleanup
---------------------------------------------------------------------------------
---------------------------------------------------------------------------------
Finished IO Insertion : Time (s): cpu = 00:00:09 ; elapsed = 00:00:11 . Memory (MB): peak = 1517.777 ; gain = 185.293 ; free physical = 1111 ; free virtual = 12974
---------------------------------------------------------------------------------

Report Check Netlist: 
+------+------------------+-------+---------+-------+------------------+
|      |Item              |Errors |Warnings |Status |Description       |
+------+------------------+-------+---------+-------+------------------+
|1     |multi_driven_nets |      0|        0|Passed |Multi driven nets |
+------+------------------+-------+---------+-------+------------------+
---------------------------------------------------------------------------------
Start Renaming Generated Instances
---------------------------------------------------------------------------------
---------------------------------------------------------------------------------
Finished Renaming Generated Instances : Time (s): cpu = 00:00:09 ; elapsed = 00:00:11 . Memory (MB): peak = 1517.777 ; gain = 185.293 ; free physical = 1111 ; free virtual = 12974
---------------------------------------------------------------------------------

Report RTL Partitions: 
+-+--------------+------------+----------+
| |RTL Partition |Replication |Instances |
+-+--------------+------------+----------+
+-+--------------+------------+----------+
---------------------------------------------------------------------------------
Start Rebuilding User Hierarchy
---------------------------------------------------------------------------------
---------------------------------------------------------------------------------
Finished Rebuilding User Hierarchy : Time (s): cpu = 00:00:09 ; elapsed = 00:00:11 . Memory (MB): peak = 1517.777 ; gain = 185.293 ; free physical = 1111 ; free virtual = 12974
---------------------------------------------------------------------------------
---------------------------------------------------------------------------------
Start Renaming Generated Ports
---------------------------------------------------------------------------------
---------------------------------------------------------------------------------
Finished Renaming Generated Ports : Time (s): cpu = 00:00:09 ; elapsed = 00:00:11 . Memory (MB): peak = 1517.777 ; gain = 185.293 ; free physical = 1111 ; free virtual = 12974
---------------------------------------------------------------------------------
---------------------------------------------------------------------------------
Start Handling Custom Attributes
---------------------------------------------------------------------------------
---------------------------------------------------------------------------------
Finished Handling Custom Attributes : Time (s): cpu = 00:00:09 ; elapsed = 00:00:11 . Memory (MB): peak = 1517.777 ; gain = 185.293 ; free physical = 1111 ; free virtual = 12974
---------------------------------------------------------------------------------
---------------------------------------------------------------------------------
Start Renaming Generated Nets
---------------------------------------------------------------------------------
---------------------------------------------------------------------------------
Finished Renaming Generated Nets : Time (s): cpu = 00:00:09 ; elapsed = 00:00:11 . Memory (MB): peak = 1517.777 ; gain = 185.293 ; free physical = 1111 ; free virtual = 12974
---------------------------------------------------------------------------------
---------------------------------------------------------------------------------
Start Writing Synthesis Report
---------------------------------------------------------------------------------

Report BlackBoxes: 
+-+--------------+----------+
| |BlackBox name |Instances |
+-+--------------+----------+
+-+--------------+----------+

Report Cell Usage: 
+------+-----+------+
|      |Cell |Count |
+------+-----+------+
|1     |LUT6 |     1|
+------+-----+------+

Report Instance Areas: 
+------+---------+----------------+------+
|      |Instance |Module          |Cells |
+------+---------+----------------+------+
|1     |top      |                |     1|
|2     |  U0     |multiplexer_4x1 |     1|
+------+---------+----------------+------+
---------------------------------------------------------------------------------
Finished Writing Synthesis Report : Time (s): cpu = 00:00:09 ; elapsed = 00:00:11 . Memory (MB): peak = 1517.777 ; gain = 185.293 ; free physical = 1111 ; free virtual = 12974
---------------------------------------------------------------------------------
Synthesis finished with 0 errors, 0 critical warnings and 0 warnings.
Synthesis Optimization Runtime : Time (s): cpu = 00:00:09 ; elapsed = 00:00:11 . Memory (MB): peak = 1517.777 ; gain = 185.293 ; free physical = 1114 ; free virtual = 12977
Synthesis Optimization Complete : Time (s): cpu = 00:00:09 ; elapsed = 00:00:11 . Memory (MB): peak = 1517.785 ; gain = 185.293 ; free physical = 1114 ; free virtual = 12977
INFO: [Project 1-571] Translating synthesized netlist
INFO: [Project 1-570] Preparing netlist for logic optimization
INFO: [Opt 31-138] Pushed 0 inverter(s) to 0 load pin(s).
Netlist sorting complete. Time (s): cpu = 00:00:00 ; elapsed = 00:00:00 . Memory (MB): peak = 1606.801 ; gain = 0.000 ; free physical = 992 ; free virtual = 12855
INFO: [Project 1-111] Unisim Transformation Summary:
No Unisim elements were transformed.

INFO: [Common 17-83] Releasing license: Synthesis
12 Infos, 0 Warnings, 0 Critical Warnings and 0 Errors encountered.
synth_design completed successfully
synth_design: Time (s): cpu = 00:00:13 ; elapsed = 00:00:14 . Memory (MB): peak = 1606.801 ; gain = 274.383 ; free physical = 1042 ; free virtual = 12905
Netlist sorting complete. Time (s): cpu = 00:00:00 ; elapsed = 00:00:00 . Memory (MB): peak = 1606.801 ; gain = 0.000 ; free physical = 1042 ; free virtual = 12905
WARNING: [Constraints 18-5210] No constraints selected for write.
Resolution: This message can indicate that there are no constraints for the design, or it can indicate that the used_in flags are set such that the constraints are ignored. This later case is used when running synth_design to not write synthesis constraints to the resulting checkpoint. Instead, project constraints are read when the synthesized design is opened.
INFO: [Timing 38-35] Done setting XDC timing constraints.
INFO: [Common 17-1381] The checkpoint '/home/runge/Subjects/Embedded/Journal1_sources/Journal1_take2/Journal1_take2.runs/MyDesign_multiplexer_4x1_0_0_synth_1/MyDesign_multiplexer_4x1_0_0.dcp' has been generated.
write_checkpoint: Time (s): cpu = 00:00:10 ; elapsed = 00:00:11 . Memory (MB): peak = 2005.391 ; gain = 398.590 ; free physical = 598 ; free virtual = 12454
Netlist sorting complete. Time (s): cpu = 00:00:00 ; elapsed = 00:00:00 . Memory (MB): peak = 2005.391 ; gain = 0.000 ; free physical = 598 ; free virtual = 12453
WARNING: [Constraints 18-5210] No constraints selected for write.
Resolution: This message can indicate that there are no constraints for the design, or it can indicate that the used_in flags are set such that the constraints are ignored. This later case is used when running synth_design to not write synthesis constraints to the resulting checkpoint. Instead, project constraints are read when the synthesized design is opened.
INFO: [Common 17-1381] The checkpoint '/home/runge/Subjects/Embedded/Journal1_sources/Journal1_take2/Journal1_take2.runs/MyDesign_multiplexer_4x1_0_0_synth_1/MyDesign_multiplexer_4x1_0_0.dcp' has been generated.
INFO: [runtcl-4] Executing : report_utilization -file MyDesign_multiplexer_4x1_0_0_utilization_synth.rpt -pb MyDesign_multiplexer_4x1_0_0_utilization_synth.pb
INFO: [Common 17-206] Exiting Vivado at Tue Sep 22 19:08:35 2020...
