10:49:53 INFO  : Registering command handlers for SDK TCF services
10:49:55 INFO  : Launching XSCT server: xsct -n -interactive /home/runge/Subjects/Embedded/code/mC/temp_xsdb_launch_script.tcl
10:49:58 INFO  : XSCT server has started successfully.
10:49:58 INFO  : Successfully done setting XSCT server connection channel  
10:49:58 INFO  : Successfully done setting SDK workspace  
10:51:20 INFO  : Project 'mCUART' created. You can now create BSPs and application projects targeting this hardware platform.
10:54:26 INFO  : 'targets -set -filter {jtag_cable_name =~ "Xilinx TUL 1234-tulA" && level==0} -index 1' command is executed.
10:54:26 INFO  : 'fpga -state' command is executed.
10:54:33 INFO  : Connected to target on host '127.0.0.1' and port '3121'.
10:54:33 INFO  : Jtag cable 'Xilinx TUL 1234-tulA' is selected.
10:54:33 INFO  : 'jtag frequency' command is executed.
10:54:33 INFO  : Sourcing of '/home/runge/Subjects/Embedded/code/mC/mCUART/ps7_init.tcl' is done.
10:54:36 ERROR : no targets found with "name =~"APU*" && jtag_cable_name =~ "Xilinx TUL 1234-tulA"". available targets:
  1  DAP (JTAG port open error. AP transaction error, DAP status 30000021)
  2* xc7z020
10:54:36 INFO  : ----------------XSDB Script----------------
connect -url tcp:127.0.0.1:3121
source /home/runge/Subjects/Embedded/code/mC/mCUART/ps7_init.tcl
targets -set -nocase -filter {name =~"APU*" && jtag_cable_name =~ "Xilinx TUL 1234-tulA"} -index 0
----------------End of Script----------------

10:55:01 INFO  : 'targets -set -filter {jtag_cable_name =~ "Xilinx TUL 1234-tulA" && level==0} -index 1' command is executed.
10:55:01 INFO  : 'fpga -state' command is executed.
10:55:05 INFO  : Connected to target on host '127.0.0.1' and port '3121'.
10:55:05 INFO  : Jtag cable 'Xilinx TUL 1234-tulA' is selected.
10:55:05 INFO  : 'jtag frequency' command is executed.
10:55:05 INFO  : Sourcing of '/home/runge/Subjects/Embedded/code/mC/mCUART/ps7_init.tcl' is done.
10:55:05 INFO  : Context for 'APU' is selected.
10:55:05 INFO  : Hardware design information is loaded from '/home/runge/Subjects/Embedded/code/mC/mCUART/system.hdf'.
10:55:05 INFO  : 'configparams force-mem-access 1' command is executed.
10:55:05 INFO  : Context for 'APU' is selected.
10:55:05 INFO  : 'stop' command is executed.
10:55:05 INFO  : 'ps7_init' command is executed.
10:55:05 INFO  : 'ps7_post_config' command is executed.
10:55:05 INFO  : Context for processor 'ps7_cortexa9_0' is selected.
10:55:05 INFO  : Processor reset is completed for 'ps7_cortexa9_0'.
10:55:05 INFO  : Context for processor 'ps7_cortexa9_0' is selected.
10:55:05 INFO  : The application '/home/runge/Subjects/Embedded/code/mC/mC/Debug/mC.elf' is downloaded to processor 'ps7_cortexa9_0'.
10:55:05 INFO  : 'configparams force-mem-access 0' command is executed.
10:55:05 INFO  : ----------------XSDB Script----------------
connect -url tcp:127.0.0.1:3121
source /home/runge/Subjects/Embedded/code/mC/mCUART/ps7_init.tcl
targets -set -nocase -filter {name =~"APU*" && jtag_cable_name =~ "Xilinx TUL 1234-tulA"} -index 0
loadhw -hw /home/runge/Subjects/Embedded/code/mC/mCUART/system.hdf -mem-ranges [list {0x40000000 0xbfffffff}]
configparams force-mem-access 1
targets -set -nocase -filter {name =~"APU*" && jtag_cable_name =~ "Xilinx TUL 1234-tulA"} -index 0
stop
ps7_init
ps7_post_config
targets -set -nocase -filter {name =~ "ARM*#0" && jtag_cable_name =~ "Xilinx TUL 1234-tulA"} -index 0
rst -processor
targets -set -nocase -filter {name =~ "ARM*#0" && jtag_cable_name =~ "Xilinx TUL 1234-tulA"} -index 0
dow /home/runge/Subjects/Embedded/code/mC/mC/Debug/mC.elf
configparams force-mem-access 0
----------------End of Script----------------

10:55:05 INFO  : Memory regions updated for context APU
10:55:05 INFO  : Context for processor 'ps7_cortexa9_0' is selected.
10:55:05 INFO  : 'con' command is executed.
10:55:05 INFO  : ----------------XSDB Script (After Launch)----------------
targets -set -nocase -filter {name =~ "ARM*#0" && jtag_cable_name =~ "Xilinx TUL 1234-tulA"} -index 0
con
----------------End of Script----------------

10:55:05 INFO  : Launch script is exported to file '/home/runge/Subjects/Embedded/code/mC/.sdk/launch_scripts/xilinx_c-c++_application_(system_debugger)/system_debugger_using_debug_mc.elf_on_local.tcl'
10:58:56 INFO  : Disconnected from the channel tcfchan#1.
10:59:18 INFO  : Registering command handlers for SDK TCF services
10:59:20 INFO  : Launching XSCT server: xsct -n -interactive /home/runge/Subjects/Embedded/code/mC/temp_xsdb_launch_script.tcl
10:59:23 INFO  : XSCT server has started successfully.
10:59:23 INFO  : Successfully done setting XSCT server connection channel  
10:59:23 INFO  : Successfully done setting SDK workspace  
10:59:46 INFO  : 'targets -set -filter {jtag_cable_name =~ "Xilinx TUL 1234-tulA" && level==0} -index 1' command is executed.
10:59:46 INFO  : 'fpga -state' command is executed.
10:59:48 INFO  : Connected to target on host '127.0.0.1' and port '3121'.
10:59:48 INFO  : Jtag cable 'Xilinx TUL 1234-tulA' is selected.
10:59:48 INFO  : 'jtag frequency' command is executed.
10:59:48 INFO  : Sourcing of '/home/runge/Subjects/Embedded/code/mC/mCUART/ps7_init.tcl' is done.
10:59:48 INFO  : Context for 'APU' is selected.
10:59:48 INFO  : Hardware design information is loaded from '/home/runge/Subjects/Embedded/code/mC/mCUART/system.hdf'.
10:59:48 INFO  : 'configparams force-mem-access 1' command is executed.
10:59:48 INFO  : Context for 'APU' is selected.
10:59:48 INFO  : 'stop' command is executed.
10:59:49 INFO  : 'ps7_init' command is executed.
10:59:49 INFO  : 'ps7_post_config' command is executed.
10:59:49 INFO  : Context for processor 'ps7_cortexa9_0' is selected.
10:59:49 INFO  : Processor reset is completed for 'ps7_cortexa9_0'.
10:59:49 INFO  : Context for processor 'ps7_cortexa9_0' is selected.
10:59:49 INFO  : The application '/home/runge/Subjects/Embedded/code/mC/mC/Debug/mC.elf' is downloaded to processor 'ps7_cortexa9_0'.
10:59:49 INFO  : 'configparams force-mem-access 0' command is executed.
10:59:49 INFO  : ----------------XSDB Script----------------
connect -url tcp:127.0.0.1:3121
source /home/runge/Subjects/Embedded/code/mC/mCUART/ps7_init.tcl
targets -set -nocase -filter {name =~"APU*" && jtag_cable_name =~ "Xilinx TUL 1234-tulA"} -index 0
loadhw -hw /home/runge/Subjects/Embedded/code/mC/mCUART/system.hdf -mem-ranges [list {0x40000000 0xbfffffff}]
configparams force-mem-access 1
targets -set -nocase -filter {name =~"APU*" && jtag_cable_name =~ "Xilinx TUL 1234-tulA"} -index 0
stop
ps7_init
ps7_post_config
targets -set -nocase -filter {name =~ "ARM*#0" && jtag_cable_name =~ "Xilinx TUL 1234-tulA"} -index 0
rst -processor
targets -set -nocase -filter {name =~ "ARM*#0" && jtag_cable_name =~ "Xilinx TUL 1234-tulA"} -index 0
dow /home/runge/Subjects/Embedded/code/mC/mC/Debug/mC.elf
configparams force-mem-access 0
----------------End of Script----------------

10:59:49 INFO  : Memory regions updated for context APU
10:59:49 INFO  : Context for processor 'ps7_cortexa9_0' is selected.
10:59:49 INFO  : 'con' command is executed.
10:59:49 INFO  : ----------------XSDB Script (After Launch)----------------
targets -set -nocase -filter {name =~ "ARM*#0" && jtag_cable_name =~ "Xilinx TUL 1234-tulA"} -index 0
con
----------------End of Script----------------

10:59:49 INFO  : Launch script is exported to file '/home/runge/Subjects/Embedded/code/mC/.sdk/launch_scripts/xilinx_c-c++_application_(system_debugger)/system_debugger_using_debug_mc.elf_on_local.tcl'
11:00:19 INFO  : Registering command handlers for SDK TCF services
11:00:21 INFO  : Launching XSCT server: xsct -n -interactive /home/runge/Subjects/Embedded/code/mC/temp_xsdb_launch_script.tcl
11:00:24 INFO  : XSCT server has started successfully.
11:00:24 INFO  : Successfully done setting XSCT server connection channel  
11:00:24 INFO  : Successfully done setting SDK workspace  
11:01:50 INFO  : 'targets -set -filter {jtag_cable_name =~ "Xilinx TUL 1234-tulA" && level==0} -index 1' command is executed.
11:01:50 INFO  : 'fpga -state' command is executed.
11:01:51 INFO  : Connected to target on host '127.0.0.1' and port '3121'.
11:01:52 INFO  : Jtag cable 'Xilinx TUL 1234-tulA' is selected.
11:01:52 INFO  : 'jtag frequency' command is executed.
11:01:52 INFO  : Sourcing of '/home/runge/Subjects/Embedded/code/mC/mCUART/ps7_init.tcl' is done.
11:01:52 INFO  : Context for 'APU' is selected.
11:01:52 INFO  : Hardware design information is loaded from '/home/runge/Subjects/Embedded/code/mC/mCUART/system.hdf'.
11:01:52 INFO  : 'configparams force-mem-access 1' command is executed.
11:01:52 INFO  : Context for 'APU' is selected.
11:01:52 INFO  : 'stop' command is executed.
11:01:52 INFO  : 'ps7_init' command is executed.
11:01:52 INFO  : 'ps7_post_config' command is executed.
11:01:52 INFO  : Context for processor 'ps7_cortexa9_0' is selected.
11:01:52 INFO  : Processor reset is completed for 'ps7_cortexa9_0'.
11:01:52 INFO  : Context for processor 'ps7_cortexa9_0' is selected.
11:01:52 INFO  : The application '/home/runge/Subjects/Embedded/code/mC/mC/Debug/mC.elf' is downloaded to processor 'ps7_cortexa9_0'.
11:01:52 INFO  : 'configparams force-mem-access 0' command is executed.
11:01:52 INFO  : ----------------XSDB Script----------------
connect -url tcp:127.0.0.1:3121
source /home/runge/Subjects/Embedded/code/mC/mCUART/ps7_init.tcl
targets -set -nocase -filter {name =~"APU*" && jtag_cable_name =~ "Xilinx TUL 1234-tulA"} -index 0
loadhw -hw /home/runge/Subjects/Embedded/code/mC/mCUART/system.hdf -mem-ranges [list {0x40000000 0xbfffffff}]
configparams force-mem-access 1
targets -set -nocase -filter {name =~"APU*" && jtag_cable_name =~ "Xilinx TUL 1234-tulA"} -index 0
stop
ps7_init
ps7_post_config
targets -set -nocase -filter {name =~ "ARM*#0" && jtag_cable_name =~ "Xilinx TUL 1234-tulA"} -index 0
rst -processor
targets -set -nocase -filter {name =~ "ARM*#0" && jtag_cable_name =~ "Xilinx TUL 1234-tulA"} -index 0
dow /home/runge/Subjects/Embedded/code/mC/mC/Debug/mC.elf
configparams force-mem-access 0
----------------End of Script----------------

11:01:52 INFO  : Memory regions updated for context APU
11:01:52 INFO  : Context for processor 'ps7_cortexa9_0' is selected.
11:01:52 INFO  : 'con' command is executed.
11:01:52 INFO  : ----------------XSDB Script (After Launch)----------------
targets -set -nocase -filter {name =~ "ARM*#0" && jtag_cable_name =~ "Xilinx TUL 1234-tulA"} -index 0
con
----------------End of Script----------------

11:01:52 INFO  : Launch script is exported to file '/home/runge/Subjects/Embedded/code/mC/.sdk/launch_scripts/xilinx_c-c++_application_(system_debugger)/system_debugger_using_debug_mc.elf_on_local.tcl'
11:08:33 INFO  : Disconnected from the channel tcfchan#1.
11:08:35 INFO  : 'targets -set -filter {jtag_cable_name =~ "Xilinx TUL 1234-tulA" && level==0} -index 1' command is executed.
11:08:35 INFO  : 'fpga -state' command is executed.
11:08:37 INFO  : Connected to target on host '127.0.0.1' and port '3121'.
11:08:37 INFO  : Jtag cable 'Xilinx TUL 1234-tulA' is selected.
11:08:37 INFO  : 'jtag frequency' command is executed.
11:08:37 INFO  : Sourcing of '/home/runge/Subjects/Embedded/code/mC/mCUART/ps7_init.tcl' is done.
11:08:37 INFO  : Context for 'APU' is selected.
11:08:40 INFO  : Hardware design information is loaded from '/home/runge/Subjects/Embedded/code/mC/mCUART/system.hdf'.
11:08:40 INFO  : 'configparams force-mem-access 1' command is executed.
11:08:40 INFO  : Context for 'APU' is selected.
11:08:40 INFO  : 'stop' command is executed.
11:08:40 INFO  : 'ps7_init' command is executed.
11:08:40 INFO  : 'ps7_post_config' command is executed.
11:08:40 INFO  : Context for processor 'ps7_cortexa9_0' is selected.
11:08:40 INFO  : Processor reset is completed for 'ps7_cortexa9_0'.
11:08:40 INFO  : Context for processor 'ps7_cortexa9_0' is selected.
11:08:40 INFO  : The application '/home/runge/Subjects/Embedded/code/mC/mC/Debug/mC.elf' is downloaded to processor 'ps7_cortexa9_0'.
11:08:40 INFO  : 'configparams force-mem-access 0' command is executed.
11:08:40 INFO  : ----------------XSDB Script----------------
connect -url tcp:127.0.0.1:3121
source /home/runge/Subjects/Embedded/code/mC/mCUART/ps7_init.tcl
targets -set -nocase -filter {name =~"APU*" && jtag_cable_name =~ "Xilinx TUL 1234-tulA"} -index 0
loadhw -hw /home/runge/Subjects/Embedded/code/mC/mCUART/system.hdf -mem-ranges [list {0x40000000 0xbfffffff}]
configparams force-mem-access 1
targets -set -nocase -filter {name =~"APU*" && jtag_cable_name =~ "Xilinx TUL 1234-tulA"} -index 0
stop
ps7_init
ps7_post_config
targets -set -nocase -filter {name =~ "ARM*#0" && jtag_cable_name =~ "Xilinx TUL 1234-tulA"} -index 0
rst -processor
targets -set -nocase -filter {name =~ "ARM*#0" && jtag_cable_name =~ "Xilinx TUL 1234-tulA"} -index 0
dow /home/runge/Subjects/Embedded/code/mC/mC/Debug/mC.elf
configparams force-mem-access 0
----------------End of Script----------------

11:08:40 INFO  : Memory regions updated for context APU
11:08:40 INFO  : Context for processor 'ps7_cortexa9_0' is selected.
11:08:41 INFO  : 'con' command is executed.
11:08:41 INFO  : ----------------XSDB Script (After Launch)----------------
targets -set -nocase -filter {name =~ "ARM*#0" && jtag_cable_name =~ "Xilinx TUL 1234-tulA"} -index 0
con
----------------End of Script----------------

11:08:41 INFO  : Launch script is exported to file '/home/runge/Subjects/Embedded/code/mC/.sdk/launch_scripts/xilinx_c-c++_application_(system_debugger)/system_debugger_using_debug_mc.elf_on_local.tcl'
11:15:08 INFO  : Disconnected from the channel tcfchan#2.
11:15:09 INFO  : 'targets -set -filter {jtag_cable_name =~ "Xilinx TUL 1234-tulA" && level==0} -index 1' command is executed.
11:15:09 INFO  : 'fpga -state' command is executed.
11:15:16 INFO  : Connected to target on host '127.0.0.1' and port '3121'.
11:15:16 INFO  : Jtag cable 'Xilinx TUL 1234-tulA' is selected.
11:15:16 INFO  : 'jtag frequency' command is executed.
11:15:16 INFO  : Sourcing of '/home/runge/Subjects/Embedded/code/mC/mCUART/ps7_init.tcl' is done.
11:15:16 INFO  : Context for 'APU' is selected.
11:15:17 INFO  : Hardware design information is loaded from '/home/runge/Subjects/Embedded/code/mC/mCUART/system.hdf'.
11:15:17 INFO  : 'configparams force-mem-access 1' command is executed.
11:15:17 INFO  : Context for 'APU' is selected.
11:15:17 INFO  : 'stop' command is executed.
11:15:18 INFO  : 'ps7_init' command is executed.
11:15:18 INFO  : 'ps7_post_config' command is executed.
11:15:18 INFO  : Context for processor 'ps7_cortexa9_0' is selected.
11:15:18 INFO  : Processor reset is completed for 'ps7_cortexa9_0'.
11:15:18 INFO  : Context for processor 'ps7_cortexa9_0' is selected.
11:15:18 INFO  : The application '/home/runge/Subjects/Embedded/code/mC/mC/Debug/mC.elf' is downloaded to processor 'ps7_cortexa9_0'.
11:15:18 INFO  : 'configparams force-mem-access 0' command is executed.
11:15:18 INFO  : ----------------XSDB Script----------------
connect -url tcp:127.0.0.1:3121
source /home/runge/Subjects/Embedded/code/mC/mCUART/ps7_init.tcl
targets -set -nocase -filter {name =~"APU*" && jtag_cable_name =~ "Xilinx TUL 1234-tulA"} -index 0
loadhw -hw /home/runge/Subjects/Embedded/code/mC/mCUART/system.hdf -mem-ranges [list {0x40000000 0xbfffffff}]
configparams force-mem-access 1
targets -set -nocase -filter {name =~"APU*" && jtag_cable_name =~ "Xilinx TUL 1234-tulA"} -index 0
stop
ps7_init
ps7_post_config
targets -set -nocase -filter {name =~ "ARM*#0" && jtag_cable_name =~ "Xilinx TUL 1234-tulA"} -index 0
rst -processor
targets -set -nocase -filter {name =~ "ARM*#0" && jtag_cable_name =~ "Xilinx TUL 1234-tulA"} -index 0
dow /home/runge/Subjects/Embedded/code/mC/mC/Debug/mC.elf
configparams force-mem-access 0
----------------End of Script----------------

11:15:18 INFO  : Memory regions updated for context APU
11:15:18 INFO  : Context for processor 'ps7_cortexa9_0' is selected.
11:15:18 INFO  : 'con' command is executed.
11:15:18 INFO  : ----------------XSDB Script (After Launch)----------------
targets -set -nocase -filter {name =~ "ARM*#0" && jtag_cable_name =~ "Xilinx TUL 1234-tulA"} -index 0
con
----------------End of Script----------------

11:15:18 INFO  : Launch script is exported to file '/home/runge/Subjects/Embedded/code/mC/.sdk/launch_scripts/xilinx_c-c++_application_(system_debugger)/system_debugger_using_debug_mc.elf_on_local.tcl'
11:33:55 INFO  : Disconnected from the channel tcfchan#3.
11:33:56 INFO  : 'targets -set -filter {jtag_cable_name =~ "Xilinx TUL 1234-tulA" && level==0} -index 1' command is executed.
11:33:56 INFO  : 'fpga -state' command is executed.
11:33:57 INFO  : Connected to target on host '127.0.0.1' and port '3121'.
11:33:58 INFO  : Jtag cable 'Xilinx TUL 1234-tulA' is selected.
11:33:58 INFO  : 'jtag frequency' command is executed.
11:33:58 INFO  : Sourcing of '/home/runge/Subjects/Embedded/code/mC/mCUART/ps7_init.tcl' is done.
11:33:58 INFO  : Context for 'APU' is selected.
11:33:59 INFO  : Hardware design information is loaded from '/home/runge/Subjects/Embedded/code/mC/mCUART/system.hdf'.
11:33:59 INFO  : 'configparams force-mem-access 1' command is executed.
11:33:59 INFO  : Context for 'APU' is selected.
11:33:59 INFO  : 'stop' command is executed.
11:33:59 INFO  : 'ps7_init' command is executed.
11:33:59 INFO  : 'ps7_post_config' command is executed.
11:33:59 INFO  : Context for processor 'ps7_cortexa9_0' is selected.
11:33:59 INFO  : Processor reset is completed for 'ps7_cortexa9_0'.
11:33:59 INFO  : Context for processor 'ps7_cortexa9_0' is selected.
11:33:59 INFO  : The application '/home/runge/Subjects/Embedded/code/mC/mC/Debug/mC.elf' is downloaded to processor 'ps7_cortexa9_0'.
11:33:59 INFO  : 'configparams force-mem-access 0' command is executed.
11:33:59 INFO  : ----------------XSDB Script----------------
connect -url tcp:127.0.0.1:3121
source /home/runge/Subjects/Embedded/code/mC/mCUART/ps7_init.tcl
targets -set -nocase -filter {name =~"APU*" && jtag_cable_name =~ "Xilinx TUL 1234-tulA"} -index 0
loadhw -hw /home/runge/Subjects/Embedded/code/mC/mCUART/system.hdf -mem-ranges [list {0x40000000 0xbfffffff}]
configparams force-mem-access 1
targets -set -nocase -filter {name =~"APU*" && jtag_cable_name =~ "Xilinx TUL 1234-tulA"} -index 0
stop
ps7_init
ps7_post_config
targets -set -nocase -filter {name =~ "ARM*#0" && jtag_cable_name =~ "Xilinx TUL 1234-tulA"} -index 0
rst -processor
targets -set -nocase -filter {name =~ "ARM*#0" && jtag_cable_name =~ "Xilinx TUL 1234-tulA"} -index 0
dow /home/runge/Subjects/Embedded/code/mC/mC/Debug/mC.elf
configparams force-mem-access 0
----------------End of Script----------------

11:33:59 INFO  : Memory regions updated for context APU
11:33:59 INFO  : Context for processor 'ps7_cortexa9_0' is selected.
11:34:00 INFO  : 'con' command is executed.
11:34:00 INFO  : ----------------XSDB Script (After Launch)----------------
targets -set -nocase -filter {name =~ "ARM*#0" && jtag_cable_name =~ "Xilinx TUL 1234-tulA"} -index 0
con
----------------End of Script----------------

11:34:00 INFO  : Launch script is exported to file '/home/runge/Subjects/Embedded/code/mC/.sdk/launch_scripts/xilinx_c-c++_application_(system_debugger)/system_debugger_using_debug_mc.elf_on_local.tcl'
11:52:55 INFO  : Disconnected from the channel tcfchan#4.
